2014-12-21 12:57:52,032 - [INFO] - from play in pool-6-thread-1 
Listening for HTTP on /0:0:0:0:0:0:0:0:9000

2014-12-21 12:57:59,091 - [INFO] - from play in play-internal-execution-context-1 
Application started (Dev)

2014-12-21 12:58:22,394 - [INFO] - from play in play-internal-execution-context-1 
Application started (Dev)

2014-12-21 12:59:12,492 - [INFO] - from play in play-internal-execution-context-1 
Application started (Dev)

2014-12-21 12:59:56,508 - [INFO] - from play in play-internal-execution-context-1 
Application started (Dev)

2014-12-21 13:00:09,263 - [INFO] - from play in play-internal-execution-context-1 
Application started (Dev)

2014-12-21 13:00:20,304 - [INFO] - from play in play-internal-execution-context-1 
Application started (Dev)

2014-12-21 13:00:44,174 - [INFO] - from play in play-internal-execution-context-3 
Application started (Dev)

2014-12-21 13:01:45,393 - [INFO] - from play in play-internal-execution-context-3 
Application started (Dev)

2014-12-21 13:02:16,884 - [INFO] - from play in play-internal-execution-context-3 
Application started (Dev)

2014-12-21 13:02:59,944 - [INFO] - from play in play-internal-execution-context-3 
Application started (Dev)

2014-12-21 13:03:52,929 - [INFO] - from play in play-internal-execution-context-3 
Application started (Dev)

2014-12-21 13:04:38,713 - [INFO] - from play in play-internal-execution-context-3 
Application started (Dev)

2014-12-21 13:04:54,840 - [INFO] - from play in play-internal-execution-context-3 
Application started (Dev)

2014-12-21 13:05:44,430 - [INFO] - from play in play-internal-execution-context-6 
Application started (Dev)

2014-12-21 13:06:12,790 - [INFO] - from play in play-internal-execution-context-6 
Application started (Dev)

2014-12-21 13:06:54,507 - [INFO] - from play in play-internal-execution-context-7 
Application started (Dev)

2014-12-21 13:11:57,606 - [INFO] - from play in play-internal-execution-context-7 
Application started (Dev)

2014-12-21 13:12:14,768 - [INFO] - from play in play-internal-execution-context-7 
Application started (Dev)

2014-12-21 13:12:21,779 - [INFO] - from play in play-internal-execution-context-7 
Application started (Dev)

2014-12-21 13:12:30,412 - [INFO] - from play in play-internal-execution-context-8 
Application started (Dev)

2014-12-21 13:12:51,697 - [INFO] - from play in play-internal-execution-context-7 
Application started (Dev)

2014-12-21 13:13:11,247 - [INFO] - from play in play-internal-execution-context-7 
Application started (Dev)

2014-12-21 13:13:43,941 - [INFO] - from play in play-internal-execution-context-7 
Application started (Dev)

2014-12-21 13:13:57,253 - [INFO] - from play in play-internal-execution-context-7 
Application started (Dev)

2014-12-21 13:14:36,987 - [INFO] - from play in play-internal-execution-context-11 
Application started (Dev)

2014-12-21 13:15:07,724 - [INFO] - from play in play-internal-execution-context-12 
Application started (Dev)

2014-12-21 13:16:52,523 - [INFO] - from play in play-internal-execution-context-12 
Application started (Dev)

2014-12-21 13:17:49,793 - [INFO] - from play in play-internal-execution-context-12 
Application started (Dev)

2014-12-21 13:18:06,978 - [INFO] - from play in play-internal-execution-context-12 
Application started (Dev)

2014-12-21 13:18:59,071 - [INFO] - from play in play-internal-execution-context-12 
Application started (Dev)

2014-12-21 13:19:12,664 - [INFO] - from play in play-internal-execution-context-12 
Application started (Dev)

2014-12-21 13:21:53,999 - [INFO] - from play in play-internal-execution-context-13 
Application started (Dev)

2014-12-21 13:22:29,758 - [INFO] - from play in play-internal-execution-context-13 
Application started (Dev)

2014-12-21 13:22:40,859 - [INFO] - from play in play-internal-execution-context-13 
Application started (Dev)

2014-12-21 13:22:56,256 - [INFO] - from play in play-internal-execution-context-13 
Application started (Dev)

2014-12-21 13:23:06,000 - [INFO] - from play in play-internal-execution-context-13 
Application started (Dev)

2014-12-21 13:23:26,907 - [INFO] - from play in play-internal-execution-context-14 
Application started (Dev)

2014-12-21 13:23:52,261 - [INFO] - from play in play-internal-execution-context-14 
Application started (Dev)

2014-12-21 13:24:34,673 - [INFO] - from play in play-internal-execution-context-15 
Application started (Dev)

2014-12-21 13:26:16,801 - [INFO] - from play in play-internal-execution-context-15 
Application started (Dev)

2014-12-21 13:27:06,669 - [INFO] - from play in play-internal-execution-context-15 
Application started (Dev)

2014-12-21 13:27:40,574 - [INFO] - from play in play-internal-execution-context-15 
Application started (Dev)

2014-12-21 13:27:52,753 - [INFO] - from play in play-internal-execution-context-15 
Application started (Dev)

2014-12-21 13:28:28,628 - [INFO] - from play in play-internal-execution-context-15 
Application started (Dev)

2014-12-21 13:33:51,158 - [INFO] - from play in play-internal-execution-context-15 
Application started (Dev)

2014-12-21 13:34:33,114 - [INFO] - from play in play-internal-execution-context-15 
Application started (Dev)

2014-12-21 13:36:49,055 - [INFO] - from play in play-internal-execution-context-15 
Application started (Dev)

2014-12-21 13:37:57,218 - [INFO] - from play in play-internal-execution-context-15 
Application started (Dev)

2014-12-21 13:38:34,161 - [INFO] - from play in play-internal-execution-context-22 
Application started (Dev)

2014-12-21 13:38:58,032 - [INFO] - from play in play-internal-execution-context-15 
Application started (Dev)

2014-12-21 13:41:32,412 - [INFO] - from play in play-internal-execution-context-23 
Application started (Dev)

2014-12-21 13:50:18,803 - [INFO] - from play in play-internal-execution-context-23 
Application started (Dev)

2014-12-21 13:50:26,959 - [INFO] - from play in play-internal-execution-context-23 
Application started (Dev)

2014-12-21 13:50:38,406 - [INFO] - from play in play-internal-execution-context-23 
Application started (Dev)

2014-12-21 13:50:52,742 - [INFO] - from play in play-internal-execution-context-23 
Application started (Dev)

2014-12-21 13:51:05,080 - [INFO] - from play in play-internal-execution-context-23 
Application started (Dev)

2014-12-21 13:54:30,130 - [INFO] - from play in play-internal-execution-context-23 
Application started (Dev)

2014-12-21 13:54:44,229 - [INFO] - from play in play-internal-execution-context-23 
Application started (Dev)

2014-12-21 13:56:23,363 - [INFO] - from play in play-internal-execution-context-25 
Application started (Dev)

2014-12-21 13:56:54,445 - [INFO] - from play in play-internal-execution-context-25 
Application started (Dev)

2014-12-21 13:57:11,564 - [INFO] - from play in play-internal-execution-context-25 
Application started (Dev)

2014-12-21 13:57:48,983 - [INFO] - from play in play-internal-execution-context-25 
Application started (Dev)

2014-12-21 13:58:15,360 - [INFO] - from play in play-internal-execution-context-25 
Application started (Dev)

2014-12-21 13:58:49,508 - [INFO] - from play in play-internal-execution-context-25 
Application started (Dev)

2014-12-21 13:59:37,335 - [INFO] - from play in play-internal-execution-context-25 
Application started (Dev)

2014-12-21 14:01:46,583 - [INFO] - from play in play-internal-execution-context-25 
Application started (Dev)

2014-12-21 14:01:54,418 - [INFO] - from play in play-internal-execution-context-25 
Application started (Dev)

2014-12-21 14:02:03,909 - [INFO] - from play in play-internal-execution-context-29 
Application started (Dev)

2014-12-21 14:17:17,765 - [INFO] - from play in play-internal-execution-context-25 
Application started (Dev)

2014-12-21 14:17:49,374 - [INFO] - from play in play-internal-execution-context-25 
Application started (Dev)

2014-12-21 14:18:00,503 - [INFO] - from play in play-internal-execution-context-30 
Application started (Dev)

2014-12-21 14:22:24,636 - [INFO] - from play in play-internal-execution-context-25 
Application started (Dev)

2014-12-21 14:22:45,148 - [INFO] - from play in play-internal-execution-context-25 
Application started (Dev)

2014-12-21 14:23:07,387 - [INFO] - from play in play-internal-execution-context-25 
Application started (Dev)

2014-12-21 14:23:19,382 - [INFO] - from play in play-internal-execution-context-25 
Application started (Dev)

2014-12-21 14:23:37,501 - [INFO] - from play in play-internal-execution-context-31 
Application started (Dev)

2014-12-21 14:25:21,036 - [INFO] - from play in play-internal-execution-context-31 
Application started (Dev)

2014-12-21 14:25:47,445 - [INFO] - from play in play-internal-execution-context-33 
Application started (Dev)

2014-12-21 14:25:58,210 - [INFO] - from play in play-internal-execution-context-34 
Application started (Dev)

2014-12-21 14:26:08,542 - [INFO] - from play in play-internal-execution-context-34 
Application started (Dev)

2014-12-21 14:27:00,308 - [INFO] - from play in play-internal-execution-context-34 
Application started (Dev)

2014-12-21 14:28:09,494 - [INFO] - from play in play-internal-execution-context-34 
Application started (Dev)

2014-12-21 14:29:14,274 - [INFO] - from play in play-internal-execution-context-34 
Application started (Dev)

2014-12-21 14:29:55,780 - [INFO] - from play in play-internal-execution-context-34 
Application started (Dev)

2014-12-21 14:31:54,453 - [INFO] - from play in play-internal-execution-context-34 
Application started (Dev)

2014-12-21 14:32:05,634 - [INFO] - from play in play-internal-execution-context-34 
Application started (Dev)

2014-12-21 14:37:07,340 - [INFO] - from play in play-internal-execution-context-37 
Application started (Dev)

2014-12-21 14:38:54,108 - [INFO] - from play in play-internal-execution-context-37 
Application started (Dev)

2014-12-21 14:39:34,328 - [INFO] - from play in play-internal-execution-context-37 
Application started (Dev)

2014-12-21 14:39:49,187 - [INFO] - from play in play-internal-execution-context-37 
Application started (Dev)

2014-12-21 14:40:40,230 - [INFO] - from play in play-internal-execution-context-37 
Application started (Dev)

2014-12-21 14:40:55,986 - [INFO] - from play in play-internal-execution-context-39 
Application started (Dev)

2014-12-21 14:41:08,395 - [INFO] - from play in play-internal-execution-context-39 
Application started (Dev)

2014-12-21 14:41:26,200 - [INFO] - from play in play-internal-execution-context-40 
Application started (Dev)

2014-12-21 14:41:35,609 - [INFO] - from play in play-internal-execution-context-40 
Application started (Dev)

2014-12-21 14:41:51,761 - [INFO] - from play in play-internal-execution-context-41 
Application started (Dev)

2014-12-21 14:44:08,631 - [INFO] - from play in play-internal-execution-context-41 
Application started (Dev)

2014-12-21 14:44:18,529 - [INFO] - from play in play-internal-execution-context-41 
Application started (Dev)

2014-12-21 14:44:28,961 - [INFO] - from play in play-internal-execution-context-43 
Application started (Dev)

2014-12-21 14:44:45,579 - [INFO] - from play in play-internal-execution-context-41 
Application started (Dev)

2014-12-21 14:45:03,096 - [INFO] - from play in play-internal-execution-context-41 
Application started (Dev)

2014-12-21 14:46:18,463 - [INFO] - from play in play-internal-execution-context-41 
Application started (Dev)

2014-12-21 14:46:31,215 - [INFO] - from play in play-internal-execution-context-41 
Application started (Dev)

2014-12-21 14:47:18,700 - [INFO] - from play in play-internal-execution-context-45 
Application started (Dev)

2014-12-21 14:47:24,229 - [INFO] - from play in play-internal-execution-context-45 
Application started (Dev)

2014-12-21 14:47:31,669 - [INFO] - from play in play-internal-execution-context-45 
Application started (Dev)

2014-12-21 14:47:36,886 - [INFO] - from play in play-internal-execution-context-45 
Application started (Dev)

2014-12-21 14:48:01,862 - [INFO] - from play in play-internal-execution-context-45 
Application started (Dev)

2014-12-21 14:48:08,929 - [INFO] - from play in play-internal-execution-context-45 
Application started (Dev)

2014-12-21 14:49:39,763 - [INFO] - from play in play-internal-execution-context-45 
Application started (Dev)

2014-12-21 14:49:49,082 - [INFO] - from play in play-internal-execution-context-45 
Application started (Dev)

2014-12-21 14:50:16,452 - [INFO] - from play in play-internal-execution-context-45 
Application started (Dev)

2014-12-21 14:50:49,082 - [INFO] - from play in play-internal-execution-context-45 
Application started (Dev)

2014-12-21 15:04:47,881 - [ERROR] - from application in New I/O worker #3 


! @6ki0paim8 - Internal server error, for (GET) [/loadLists] ->

play.PlayExceptions$RoutesCompilationException: Compilation error[Using different overloaded methods is not allowed. If you are using a single method in combination with default parameters, make sure you declare them all explicitly.]
	at play.PlaySourceGenerators$$anonfun$1.apply(PlaySourceGenerators.scala:24) ~[na:na]
	at play.PlaySourceGenerators$$anonfun$1.apply(PlaySourceGenerators.scala:12) ~[na:na]
	at play.PlaySettings$$anonfun$defaultSettings$29.apply(PlaySettings.scala:119) ~[na:na]
	at play.PlaySettings$$anonfun$defaultSettings$29.apply(PlaySettings.scala:119) ~[na:na]
	at scala.Function7$$anonfun$tupled$1.apply(Function7.scala:35) ~[scala-library-2.11.4.jar:na]
	at scala.Function7$$anonfun$tupled$1.apply(Function7.scala:34) ~[scala-library-2.11.4.jar:na]
	at scala.Function1$$anonfun$compose$1.apply(Function1.scala:47) ~[scala-library-2.11.4.jar:na]
	at sbt.$tilde$greater$$anonfun$$u2219$1.apply(TypeFunctions.scala:42) ~[na:na]
	at sbt.std.Transform$$anon$4.work(System.scala:64) ~[na:na]
	at sbt.Execute$$anonfun$submit$1$$anonfun$apply$1.apply(Execute.scala:237) ~[na:na]
	at sbt.Execute$$anonfun$submit$1$$anonfun$apply$1.apply(Execute.scala:237) ~[na:na]
	at sbt.ErrorHandling$.wideConvert(ErrorHandling.scala:18) ~[na:na]
	at sbt.Execute.work(Execute.scala:244) ~[na:na]
	at sbt.Execute$$anonfun$submit$1.apply(Execute.scala:237) ~[na:na]
	at sbt.Execute$$anonfun$submit$1.apply(Execute.scala:237) ~[na:na]
	at sbt.ConcurrentRestrictions$$anon$4$$anonfun$1.apply(ConcurrentRestrictions.scala:160) ~[na:na]
	at sbt.CompletionService$$anon$2.call(CompletionService.scala:30) ~[na:na]
	at java.util.concurrent.FutureTask.run(FutureTask.java:262) ~[na:1.7.0_72]
	at java.util.concurrent.Executors$RunnableAdapter.call(Executors.java:471) ~[na:1.7.0_72]
	at java.util.concurrent.FutureTask.run(FutureTask.java:262) ~[na:1.7.0_72]
	at java.util.concurrent.ThreadPoolExecutor.runWorker(ThreadPoolExecutor.java:1145) [na:1.7.0_72]
	at java.util.concurrent.ThreadPoolExecutor$Worker.run(ThreadPoolExecutor.java:615) [na:1.7.0_72]
	at java.lang.Thread.run(Thread.java:745) [na:1.7.0_72]

2014-12-21 15:04:54,349 - [ERROR] - from application in New I/O worker #3 


! @6ki0pb2c4 - Internal server error, for (GET) [/loadLists] ->

play.PlayExceptions$CompilationException: Compilation error[missing arguments for method loadLists in class HomeController;
follow this method with `_' if you want to treat it as a partially applied function]
	at play.PlayExceptions$CompilationException$.apply(PlayExceptions.scala:27) ~[na:na]
	at play.PlayExceptions$CompilationException$.apply(PlayExceptions.scala:27) ~[na:na]
	at scala.Option.map(Option.scala:145) ~[scala-library-2.11.4.jar:na]
	at play.PlayReloader$$anon$1$$anonfun$play$PlayReloader$$anon$$taskFailureHandler$1.apply(PlayReloader.scala:235) ~[na:na]
	at play.PlayReloader$$anon$1$$anonfun$play$PlayReloader$$anon$$taskFailureHandler$1.apply(PlayReloader.scala:230) ~[na:na]
	at scala.Option.map(Option.scala:145) ~[scala-library-2.11.4.jar:na]
	at play.PlayReloader$$anon$1.play$PlayReloader$$anon$$taskFailureHandler(PlayReloader.scala:230) ~[na:na]
	at play.PlayReloader$$anon$1$$anonfun$reload$2.apply(PlayReloader.scala:90) ~[na:na]
	at play.PlayReloader$$anon$1$$anonfun$reload$2.apply(PlayReloader.scala:90) ~[na:na]
	at scala.util.Either$LeftProjection.map(Either.scala:377) ~[scala-library-2.11.4.jar:na]
	at play.PlayReloader$$anon$1.reload(PlayReloader.scala:90) ~[na:na]
	at play.core.ReloadableApplication$$anonfun$get$1.apply(ApplicationProvider.scala:122) ~[play_2.11-2.3.6.jar:2.3.6]
	at play.core.ReloadableApplication$$anonfun$get$1.apply(ApplicationProvider.scala:120) ~[play_2.11-2.3.6.jar:2.3.6]
	at scala.concurrent.impl.Future$PromiseCompletingRunnable.liftedTree1$1(Future.scala:24) ~[scala-library-2.11.4.jar:na]
	at scala.concurrent.impl.Future$PromiseCompletingRunnable.run(Future.scala:24) ~[scala-library-2.11.4.jar:na]
	at scala.concurrent.forkjoin.ForkJoinTask$AdaptedRunnableAction.exec(ForkJoinTask.java:1361) ~[scala-library-2.11.4.jar:na]
	at scala.concurrent.forkjoin.ForkJoinTask.doExec(ForkJoinTask.java:260) ~[scala-library-2.11.4.jar:na]
	at scala.concurrent.forkjoin.ForkJoinPool$WorkQueue.runTask(ForkJoinPool.java:1339) ~[scala-library-2.11.4.jar:na]
	at scala.concurrent.forkjoin.ForkJoinPool.runWorker(ForkJoinPool.java:1979) ~[scala-library-2.11.4.jar:na]
	at scala.concurrent.forkjoin.ForkJoinWorkerThread.run(ForkJoinWorkerThread.java:107) ~[scala-library-2.11.4.jar:na]

2014-12-21 15:05:13,202 - [INFO] - from play in play-internal-execution-context-45 
Application started (Dev)

2014-12-21 15:05:13,410 - [INFO] - from application in play-akka.actor.default-dispatcher-463 
Auth Cookie: JSESSIONID=FD33D2350900A88695084058531E5069; Path=/WebUntis/; HttpOnly

2014-12-21 15:07:21,709 - [INFO] - from play in play-internal-execution-context-45 
Application started (Dev)

2014-12-21 15:07:21,896 - [INFO] - from application in play-akka.actor.default-dispatcher-465 
Auth Cookie: JSESSIONID=24981A94E6527901FD8912684AEACFF9; Path=/WebUntis/; HttpOnly

2014-12-21 15:07:42,131 - [ERROR] - from application in New I/O worker #3 


! @6ki0pkgh9 - Internal server error, for (GET) [/loadLists] ->

play.PlayExceptions$CompilationException: Compilation error[Cannot write an instance of Seq[play.api.libs.json.JsValue] to HTTP response. Try to define a Writeable[Seq[play.api.libs.json.JsValue]]]
	at play.PlayExceptions$CompilationException$.apply(PlayExceptions.scala:27) ~[na:na]
	at play.PlayExceptions$CompilationException$.apply(PlayExceptions.scala:27) ~[na:na]
	at scala.Option.map(Option.scala:145) ~[scala-library-2.11.4.jar:na]
	at play.PlayReloader$$anon$1$$anonfun$play$PlayReloader$$anon$$taskFailureHandler$1.apply(PlayReloader.scala:235) ~[na:na]
	at play.PlayReloader$$anon$1$$anonfun$play$PlayReloader$$anon$$taskFailureHandler$1.apply(PlayReloader.scala:230) ~[na:na]
	at scala.Option.map(Option.scala:145) ~[scala-library-2.11.4.jar:na]
	at play.PlayReloader$$anon$1.play$PlayReloader$$anon$$taskFailureHandler(PlayReloader.scala:230) ~[na:na]
	at play.PlayReloader$$anon$1$$anonfun$reload$2.apply(PlayReloader.scala:90) ~[na:na]
	at play.PlayReloader$$anon$1$$anonfun$reload$2.apply(PlayReloader.scala:90) ~[na:na]
	at scala.util.Either$LeftProjection.map(Either.scala:377) ~[scala-library-2.11.4.jar:na]
	at play.PlayReloader$$anon$1.reload(PlayReloader.scala:90) ~[na:na]
	at play.core.ReloadableApplication$$anonfun$get$1.apply(ApplicationProvider.scala:122) ~[play_2.11-2.3.6.jar:2.3.6]
	at play.core.ReloadableApplication$$anonfun$get$1.apply(ApplicationProvider.scala:120) ~[play_2.11-2.3.6.jar:2.3.6]
	at scala.concurrent.impl.Future$PromiseCompletingRunnable.liftedTree1$1(Future.scala:24) ~[scala-library-2.11.4.jar:na]
	at scala.concurrent.impl.Future$PromiseCompletingRunnable.run(Future.scala:24) ~[scala-library-2.11.4.jar:na]
	at scala.concurrent.forkjoin.ForkJoinTask$AdaptedRunnableAction.exec(ForkJoinTask.java:1361) ~[scala-library-2.11.4.jar:na]
	at scala.concurrent.forkjoin.ForkJoinTask.doExec(ForkJoinTask.java:260) ~[scala-library-2.11.4.jar:na]
	at scala.concurrent.forkjoin.ForkJoinPool$WorkQueue.runTask(ForkJoinPool.java:1339) ~[scala-library-2.11.4.jar:na]
	at scala.concurrent.forkjoin.ForkJoinPool.runWorker(ForkJoinPool.java:1979) ~[scala-library-2.11.4.jar:na]
	at scala.concurrent.forkjoin.ForkJoinWorkerThread.run(ForkJoinWorkerThread.java:107) ~[scala-library-2.11.4.jar:na]

2014-12-21 15:08:25,452 - [INFO] - from play in play-internal-execution-context-45 
Application started (Dev)

2014-12-21 15:08:25,635 - [INFO] - from application in play-akka.actor.default-dispatcher-466 
Auth Cookie: JSESSIONID=C085631CDEE2DE7CE69922FD6BE6FB68; Path=/WebUntis/; HttpOnly

2014-12-21 15:09:21,688 - [INFO] - from play in play-internal-execution-context-45 
Application started (Dev)

2014-12-21 15:09:21,898 - [INFO] - from application in play-akka.actor.default-dispatcher-467 
Auth Cookie: JSESSIONID=AD2FD54741CD99F40EE752EEE3DC628C; Path=/WebUntis/; HttpOnly

2014-12-21 15:13:37,844 - [INFO] - from play in play-internal-execution-context-45 
Application started (Dev)

2014-12-21 15:13:38,027 - [INFO] - from application in play-akka.actor.default-dispatcher-468 
Auth Cookie: JSESSIONID=D01DF5469F79AE1F86B3FA866F577783; Path=/WebUntis/; HttpOnly

2014-12-21 15:17:21,082 - [INFO] - from play in play-internal-execution-context-45 
Application started (Dev)

2014-12-21 15:17:21,267 - [INFO] - from application in play-akka.actor.default-dispatcher-469 
Auth Cookie: JSESSIONID=40E621AF151E4926465E91C2123B245E; Path=/WebUntis/; HttpOnly

2014-12-21 15:17:44,956 - [ERROR] - from application in New I/O worker #3 


! @6ki112oan - Internal server error, for (GET) [/loadLists] ->

play.PlayExceptions$CompilationException: Compilation error[Cannot write an instance of Seq[play.api.libs.json.JsValue] to HTTP response. Try to define a Writeable[Seq[play.api.libs.json.JsValue]]]
	at play.PlayExceptions$CompilationException$.apply(PlayExceptions.scala:27) ~[na:na]
	at play.PlayExceptions$CompilationException$.apply(PlayExceptions.scala:27) ~[na:na]
	at scala.Option.map(Option.scala:145) ~[scala-library-2.11.4.jar:na]
	at play.PlayReloader$$anon$1$$anonfun$play$PlayReloader$$anon$$taskFailureHandler$1.apply(PlayReloader.scala:235) ~[na:na]
	at play.PlayReloader$$anon$1$$anonfun$play$PlayReloader$$anon$$taskFailureHandler$1.apply(PlayReloader.scala:230) ~[na:na]
	at scala.Option.map(Option.scala:145) ~[scala-library-2.11.4.jar:na]
	at play.PlayReloader$$anon$1.play$PlayReloader$$anon$$taskFailureHandler(PlayReloader.scala:230) ~[na:na]
	at play.PlayReloader$$anon$1$$anonfun$reload$2.apply(PlayReloader.scala:90) ~[na:na]
	at play.PlayReloader$$anon$1$$anonfun$reload$2.apply(PlayReloader.scala:90) ~[na:na]
	at scala.util.Either$LeftProjection.map(Either.scala:377) ~[scala-library-2.11.4.jar:na]
	at play.PlayReloader$$anon$1.reload(PlayReloader.scala:90) ~[na:na]
	at play.core.ReloadableApplication$$anonfun$get$1.apply(ApplicationProvider.scala:122) ~[play_2.11-2.3.6.jar:2.3.6]
	at play.core.ReloadableApplication$$anonfun$get$1.apply(ApplicationProvider.scala:120) ~[play_2.11-2.3.6.jar:2.3.6]
	at scala.concurrent.impl.Future$PromiseCompletingRunnable.liftedTree1$1(Future.scala:24) ~[scala-library-2.11.4.jar:na]
	at scala.concurrent.impl.Future$PromiseCompletingRunnable.run(Future.scala:24) ~[scala-library-2.11.4.jar:na]
	at scala.concurrent.forkjoin.ForkJoinTask$AdaptedRunnableAction.exec(ForkJoinTask.java:1361) ~[scala-library-2.11.4.jar:na]
	at scala.concurrent.forkjoin.ForkJoinTask.doExec(ForkJoinTask.java:260) ~[scala-library-2.11.4.jar:na]
	at scala.concurrent.forkjoin.ForkJoinPool$WorkQueue.runTask(ForkJoinPool.java:1339) ~[scala-library-2.11.4.jar:na]
	at scala.concurrent.forkjoin.ForkJoinPool.runWorker(ForkJoinPool.java:1979) ~[scala-library-2.11.4.jar:na]
	at scala.concurrent.forkjoin.ForkJoinWorkerThread.run(ForkJoinWorkerThread.java:107) ~[scala-library-2.11.4.jar:na]

2014-12-21 15:18:11,583 - [INFO] - from play in play-internal-execution-context-45 
Application started (Dev)

2014-12-21 15:18:11,773 - [INFO] - from application in play-akka.actor.default-dispatcher-470 
Auth Cookie: JSESSIONID=6C7D59B61E0D074249FBA017264B38E4; Path=/WebUntis/; HttpOnly

2014-12-21 15:21:27,078 - [INFO] - from play in play-internal-execution-context-45 
Application started (Dev)

2014-12-21 15:21:27,273 - [INFO] - from application in play-akka.actor.default-dispatcher-471 
Auth Cookie: JSESSIONID=6CEFE8C35A0442B218B34D53545BAA20; Path=/WebUntis/; HttpOnly

2014-12-21 15:31:47,727 - [INFO] - from play in play-internal-execution-context-45 
Application started (Dev)

2014-12-21 15:32:10,480 - [INFO] - from play in play-internal-execution-context-46 
Application started (Dev)

2014-12-21 15:32:37,197 - [INFO] - from play in play-internal-execution-context-46 
Application started (Dev)

2014-12-21 15:32:55,077 - [INFO] - from play in play-internal-execution-context-46 
Application started (Dev)

2014-12-21 15:32:57,252 - [ERROR] - from play in play-akka.actor.default-dispatcher-481 
Cannot invoke the action, eventually got an error: java.lang.NullPointerException: uri.host

2014-12-21 15:32:57,266 - [ERROR] - from application in play-akka.actor.default-dispatcher-481 


! @6ki132lpi - Internal server error, for (POST) [/loadLists?server=kirke.webuntis.com&school=kbt&user=dr&password=dr] ->

play.api.Application$$anon$1: Execution exception[[NullPointerException: uri.host]]
	at play.api.Application$class.handleError(Application.scala:296) ~[play_2.11-2.3.6.jar:2.3.6]
	at play.api.DefaultApplication.handleError(Application.scala:402) [play_2.11-2.3.6.jar:2.3.6]
	at play.core.server.netty.PlayDefaultUpstreamHandler$$anonfun$3$$anonfun$applyOrElse$4.apply(PlayDefaultUpstreamHandler.scala:320) [play_2.11-2.3.6.jar:2.3.6]
	at play.core.server.netty.PlayDefaultUpstreamHandler$$anonfun$3$$anonfun$applyOrElse$4.apply(PlayDefaultUpstreamHandler.scala:320) [play_2.11-2.3.6.jar:2.3.6]
	at scala.Option.map(Option.scala:145) [scala-library-2.11.4.jar:na]
	at play.core.server.netty.PlayDefaultUpstreamHandler$$anonfun$3.applyOrElse(PlayDefaultUpstreamHandler.scala:320) [play_2.11-2.3.6.jar:2.3.6]
	at play.core.server.netty.PlayDefaultUpstreamHandler$$anonfun$3.applyOrElse(PlayDefaultUpstreamHandler.scala:316) [play_2.11-2.3.6.jar:2.3.6]
	at scala.concurrent.Future$$anonfun$recoverWith$1.apply(Future.scala:344) [scala-library-2.11.4.jar:na]
	at scala.concurrent.Future$$anonfun$recoverWith$1.apply(Future.scala:343) [scala-library-2.11.4.jar:na]
	at scala.concurrent.impl.CallbackRunnable.run(Promise.scala:32) [scala-library-2.11.4.jar:na]
	at play.api.libs.iteratee.Execution$trampoline$.execute(Execution.scala:46) [play-iteratees_2.11-2.3.6.jar:2.3.6]
	at scala.concurrent.impl.CallbackRunnable.executeWithValue(Promise.scala:40) [scala-library-2.11.4.jar:na]
	at scala.concurrent.impl.Promise$DefaultPromise.tryComplete(Promise.scala:248) [scala-library-2.11.4.jar:na]
	at scala.concurrent.Promise$class.complete(Promise.scala:55) [scala-library-2.11.4.jar:na]
	at scala.concurrent.impl.Promise$DefaultPromise.complete(Promise.scala:153) [scala-library-2.11.4.jar:na]
	at scala.concurrent.impl.Future$PromiseCompletingRunnable.run(Future.scala:23) [scala-library-2.11.4.jar:na]
	at akka.dispatch.TaskInvocation.run(AbstractDispatcher.scala:41) [akka-actor_2.11-2.3.4.jar:na]
	at akka.dispatch.ForkJoinExecutorConfigurator$AkkaForkJoinTask.exec(AbstractDispatcher.scala:393) [akka-actor_2.11-2.3.4.jar:na]
	at scala.concurrent.forkjoin.ForkJoinTask.doExec(ForkJoinTask.java:260) [scala-library-2.11.4.jar:na]
	at scala.concurrent.forkjoin.ForkJoinPool$WorkQueue.runTask(ForkJoinPool.java:1339) [scala-library-2.11.4.jar:na]
	at scala.concurrent.forkjoin.ForkJoinPool.runWorker(ForkJoinPool.java:1979) [scala-library-2.11.4.jar:na]
	at scala.concurrent.forkjoin.ForkJoinWorkerThread.run(ForkJoinWorkerThread.java:107) [scala-library-2.11.4.jar:na]
Caused by: java.lang.NullPointerException: uri.host
	at com.ning.http.client.RequestBuilderBase.setURI(RequestBuilderBase.java:385) ~[async-http-client-1.8.14.jar:na]
	at com.ning.http.client.RequestBuilderBase.setUrl(RequestBuilderBase.java:380) ~[async-http-client-1.8.14.jar:na]
	at com.ning.http.client.RequestBuilder.setUrl(RequestBuilder.java:155) ~[async-http-client-1.8.14.jar:na]
	at play.api.libs.ws.ning.NingWSRequestHolder.createBuilder(NingWS.scala:429) ~[play-ws_2.11-2.3.6.jar:2.3.6]
	at play.api.libs.ws.ning.NingWSRequestHolder.prepare(NingWS.scala:413) ~[play-ws_2.11-2.3.6.jar:2.3.6]
	at play.api.libs.ws.ning.NingWSRequestHolder.execute(NingWS.scala:405) ~[play-ws_2.11-2.3.6.jar:2.3.6]
	at play.api.libs.ws.WSRequestHolder$class.post(WS.scala:532) ~[play-ws_2.11-2.3.6.jar:2.3.6]
	at play.api.libs.ws.ning.NingWSRequestHolder.post(NingWS.scala:361) ~[play-ws_2.11-2.3.6.jar:2.3.6]
	at services.Network.authenticate(Network.scala:52) ~[classes/:na]
	at services.WebUntisService.auth2(WebUntisService.scala:12) ~[classes/:na]
	at controllers.HomeController$$anonfun$WUAuth$1.apply(HomeController.scala:57) ~[classes/:na]
	at controllers.HomeController$$anonfun$WUAuth$1.apply(HomeController.scala:56) ~[classes/:na]
	at play.api.mvc.Action$.invokeBlock(Action.scala:556) ~[play_2.11-2.3.6.jar:2.3.6]
	at play.api.mvc.Action$.invokeBlock(Action.scala:555) ~[play_2.11-2.3.6.jar:2.3.6]
	at play.api.mvc.ActionBuilder$$anon$1.apply(Action.scala:518) ~[play_2.11-2.3.6.jar:2.3.6]
	at play.api.mvc.Action$$anonfun$apply$1$$anonfun$apply$4$$anonfun$apply$5.apply(Action.scala:130) ~[play_2.11-2.3.6.jar:2.3.6]
	at play.api.mvc.Action$$anonfun$apply$1$$anonfun$apply$4$$anonfun$apply$5.apply(Action.scala:130) ~[play_2.11-2.3.6.jar:2.3.6]
	at play.utils.Threads$.withContextClassLoader(Threads.scala:21) ~[play_2.11-2.3.6.jar:2.3.6]
	at play.api.mvc.Action$$anonfun$apply$1$$anonfun$apply$4.apply(Action.scala:129) ~[play_2.11-2.3.6.jar:2.3.6]
	at play.api.mvc.Action$$anonfun$apply$1$$anonfun$apply$4.apply(Action.scala:128) ~[play_2.11-2.3.6.jar:2.3.6]
	at scala.Option.map(Option.scala:145) [scala-library-2.11.4.jar:na]
	at play.api.mvc.Action$$anonfun$apply$1.apply(Action.scala:128) ~[play_2.11-2.3.6.jar:2.3.6]
	at play.api.mvc.Action$$anonfun$apply$1.apply(Action.scala:121) ~[play_2.11-2.3.6.jar:2.3.6]
	at play.api.libs.iteratee.Iteratee$$anonfun$mapM$1.apply(Iteratee.scala:483) ~[play-iteratees_2.11-2.3.6.jar:2.3.6]
	at play.api.libs.iteratee.Iteratee$$anonfun$mapM$1.apply(Iteratee.scala:483) ~[play-iteratees_2.11-2.3.6.jar:2.3.6]
	at play.api.libs.iteratee.Iteratee$$anonfun$flatMapM$1.apply(Iteratee.scala:519) ~[play-iteratees_2.11-2.3.6.jar:2.3.6]
	at play.api.libs.iteratee.Iteratee$$anonfun$flatMapM$1.apply(Iteratee.scala:519) ~[play-iteratees_2.11-2.3.6.jar:2.3.6]
	at play.api.libs.iteratee.Iteratee$$anonfun$flatMap$1$$anonfun$apply$14.apply(Iteratee.scala:496) ~[play-iteratees_2.11-2.3.6.jar:2.3.6]
	at play.api.libs.iteratee.Iteratee$$anonfun$flatMap$1$$anonfun$apply$14.apply(Iteratee.scala:496) ~[play-iteratees_2.11-2.3.6.jar:2.3.6]
	at scala.concurrent.impl.Future$PromiseCompletingRunnable.liftedTree1$1(Future.scala:24) [scala-library-2.11.4.jar:na]
	at scala.concurrent.impl.Future$PromiseCompletingRunnable.run(Future.scala:24) [scala-library-2.11.4.jar:na]
	... 6 common frames omitted

2014-12-21 15:33:27,226 - [INFO] - from play in play-internal-execution-context-48 
Application started (Dev)

2014-12-21 15:33:29,555 - [ERROR] - from play in play-akka.actor.default-dispatcher-492 
Cannot invoke the action, eventually got an error: java.lang.NullPointerException: uri.host

2014-12-21 15:33:29,559 - [ERROR] - from application in play-akka.actor.default-dispatcher-492 


! @6ki134hjk - Internal server error, for (POST) [/loadLists?server=kirke.webuntis.com&school=kbt&user=dr&password=dr] ->

play.api.Application$$anon$1: Execution exception[[NullPointerException: uri.host]]
	at play.api.Application$class.handleError(Application.scala:296) ~[play_2.11-2.3.6.jar:2.3.6]
	at play.api.DefaultApplication.handleError(Application.scala:402) [play_2.11-2.3.6.jar:2.3.6]
	at play.core.server.netty.PlayDefaultUpstreamHandler$$anonfun$3$$anonfun$applyOrElse$4.apply(PlayDefaultUpstreamHandler.scala:320) [play_2.11-2.3.6.jar:2.3.6]
	at play.core.server.netty.PlayDefaultUpstreamHandler$$anonfun$3$$anonfun$applyOrElse$4.apply(PlayDefaultUpstreamHandler.scala:320) [play_2.11-2.3.6.jar:2.3.6]
	at scala.Option.map(Option.scala:145) [scala-library-2.11.4.jar:na]
	at play.core.server.netty.PlayDefaultUpstreamHandler$$anonfun$3.applyOrElse(PlayDefaultUpstreamHandler.scala:320) [play_2.11-2.3.6.jar:2.3.6]
	at play.core.server.netty.PlayDefaultUpstreamHandler$$anonfun$3.applyOrElse(PlayDefaultUpstreamHandler.scala:316) [play_2.11-2.3.6.jar:2.3.6]
	at scala.concurrent.Future$$anonfun$recoverWith$1.apply(Future.scala:344) [scala-library-2.11.4.jar:na]
	at scala.concurrent.Future$$anonfun$recoverWith$1.apply(Future.scala:343) [scala-library-2.11.4.jar:na]
	at scala.concurrent.impl.CallbackRunnable.run(Promise.scala:32) [scala-library-2.11.4.jar:na]
	at play.api.libs.iteratee.Execution$trampoline$.execute(Execution.scala:46) [play-iteratees_2.11-2.3.6.jar:2.3.6]
	at scala.concurrent.impl.CallbackRunnable.executeWithValue(Promise.scala:40) [scala-library-2.11.4.jar:na]
	at scala.concurrent.impl.Promise$DefaultPromise.tryComplete(Promise.scala:248) [scala-library-2.11.4.jar:na]
	at scala.concurrent.Promise$class.complete(Promise.scala:55) [scala-library-2.11.4.jar:na]
	at scala.concurrent.impl.Promise$DefaultPromise.complete(Promise.scala:153) [scala-library-2.11.4.jar:na]
	at scala.concurrent.impl.Future$PromiseCompletingRunnable.run(Future.scala:23) [scala-library-2.11.4.jar:na]
	at akka.dispatch.TaskInvocation.run(AbstractDispatcher.scala:41) [akka-actor_2.11-2.3.4.jar:na]
	at akka.dispatch.ForkJoinExecutorConfigurator$AkkaForkJoinTask.exec(AbstractDispatcher.scala:393) [akka-actor_2.11-2.3.4.jar:na]
	at scala.concurrent.forkjoin.ForkJoinTask.doExec(ForkJoinTask.java:260) [scala-library-2.11.4.jar:na]
	at scala.concurrent.forkjoin.ForkJoinPool$WorkQueue.runTask(ForkJoinPool.java:1339) [scala-library-2.11.4.jar:na]
	at scala.concurrent.forkjoin.ForkJoinPool.runWorker(ForkJoinPool.java:1979) [scala-library-2.11.4.jar:na]
	at scala.concurrent.forkjoin.ForkJoinWorkerThread.run(ForkJoinWorkerThread.java:107) [scala-library-2.11.4.jar:na]
Caused by: java.lang.NullPointerException: uri.host
	at com.ning.http.client.RequestBuilderBase.setURI(RequestBuilderBase.java:385) ~[async-http-client-1.8.14.jar:na]
	at com.ning.http.client.RequestBuilderBase.setUrl(RequestBuilderBase.java:380) ~[async-http-client-1.8.14.jar:na]
	at com.ning.http.client.RequestBuilder.setUrl(RequestBuilder.java:155) ~[async-http-client-1.8.14.jar:na]
	at play.api.libs.ws.ning.NingWSRequestHolder.createBuilder(NingWS.scala:429) ~[play-ws_2.11-2.3.6.jar:2.3.6]
	at play.api.libs.ws.ning.NingWSRequestHolder.prepare(NingWS.scala:413) ~[play-ws_2.11-2.3.6.jar:2.3.6]
	at play.api.libs.ws.ning.NingWSRequestHolder.execute(NingWS.scala:405) ~[play-ws_2.11-2.3.6.jar:2.3.6]
	at play.api.libs.ws.WSRequestHolder$class.post(WS.scala:532) ~[play-ws_2.11-2.3.6.jar:2.3.6]
	at play.api.libs.ws.ning.NingWSRequestHolder.post(NingWS.scala:361) ~[play-ws_2.11-2.3.6.jar:2.3.6]
	at services.Network.authenticate(Network.scala:52) ~[classes/:na]
	at services.WebUntisService.auth2(WebUntisService.scala:12) ~[classes/:na]
	at controllers.HomeController$$anonfun$WUAuth$1.apply(HomeController.scala:57) ~[classes/:na]
	at controllers.HomeController$$anonfun$WUAuth$1.apply(HomeController.scala:56) ~[classes/:na]
	at play.api.mvc.Action$.invokeBlock(Action.scala:556) ~[play_2.11-2.3.6.jar:2.3.6]
	at play.api.mvc.Action$.invokeBlock(Action.scala:555) ~[play_2.11-2.3.6.jar:2.3.6]
	at play.api.mvc.ActionBuilder$$anon$1.apply(Action.scala:518) ~[play_2.11-2.3.6.jar:2.3.6]
	at play.api.mvc.Action$$anonfun$apply$1$$anonfun$apply$4$$anonfun$apply$5.apply(Action.scala:130) ~[play_2.11-2.3.6.jar:2.3.6]
	at play.api.mvc.Action$$anonfun$apply$1$$anonfun$apply$4$$anonfun$apply$5.apply(Action.scala:130) ~[play_2.11-2.3.6.jar:2.3.6]
	at play.utils.Threads$.withContextClassLoader(Threads.scala:21) ~[play_2.11-2.3.6.jar:2.3.6]
	at play.api.mvc.Action$$anonfun$apply$1$$anonfun$apply$4.apply(Action.scala:129) ~[play_2.11-2.3.6.jar:2.3.6]
	at play.api.mvc.Action$$anonfun$apply$1$$anonfun$apply$4.apply(Action.scala:128) ~[play_2.11-2.3.6.jar:2.3.6]
	at scala.Option.map(Option.scala:145) [scala-library-2.11.4.jar:na]
	at play.api.mvc.Action$$anonfun$apply$1.apply(Action.scala:128) ~[play_2.11-2.3.6.jar:2.3.6]
	at play.api.mvc.Action$$anonfun$apply$1.apply(Action.scala:121) ~[play_2.11-2.3.6.jar:2.3.6]
	at play.api.libs.iteratee.Iteratee$$anonfun$mapM$1.apply(Iteratee.scala:483) ~[play-iteratees_2.11-2.3.6.jar:2.3.6]
	at play.api.libs.iteratee.Iteratee$$anonfun$mapM$1.apply(Iteratee.scala:483) ~[play-iteratees_2.11-2.3.6.jar:2.3.6]
	at play.api.libs.iteratee.Iteratee$$anonfun$flatMapM$1.apply(Iteratee.scala:519) ~[play-iteratees_2.11-2.3.6.jar:2.3.6]
	at play.api.libs.iteratee.Iteratee$$anonfun$flatMapM$1.apply(Iteratee.scala:519) ~[play-iteratees_2.11-2.3.6.jar:2.3.6]
	at play.api.libs.iteratee.Iteratee$$anonfun$flatMap$1$$anonfun$apply$14.apply(Iteratee.scala:496) ~[play-iteratees_2.11-2.3.6.jar:2.3.6]
	at play.api.libs.iteratee.Iteratee$$anonfun$flatMap$1$$anonfun$apply$14.apply(Iteratee.scala:496) ~[play-iteratees_2.11-2.3.6.jar:2.3.6]
	at scala.concurrent.impl.Future$PromiseCompletingRunnable.liftedTree1$1(Future.scala:24) [scala-library-2.11.4.jar:na]
	at scala.concurrent.impl.Future$PromiseCompletingRunnable.run(Future.scala:24) [scala-library-2.11.4.jar:na]
	... 6 common frames omitted

2014-12-21 15:34:36,068 - [INFO] - from play in play-internal-execution-context-48 
Application started (Dev)

2014-12-21 15:34:39,015 - [INFO] - from application in play-akka.actor.default-dispatcher-494 
Auth Cookie: JSESSIONID=658729408E924888354D21428737015A; Path=/WebUntis/; HttpOnly

2014-12-21 15:35:06,370 - [INFO] - from application in play-akka.actor.default-dispatcher-493 
Auth Cookie: JSESSIONID=44F11422037EC4848967D70B2CA2E863; Path=/WebUntis/; HttpOnly

2014-12-21 15:35:27,565 - [INFO] - from application in play-akka.actor.default-dispatcher-490 
Auth Cookie: JSESSIONID=75E53B0D753BED569144D9B4ECA135D5; Path=/WebUntis/; HttpOnly

2014-12-21 15:36:02,534 - [INFO] - from application in play-akka.actor.default-dispatcher-495 
Auth Cookie: JSESSIONID=85AD508BFDC0E3492FB4E3AA96288B40; Path=/WebUntis/; HttpOnly

2014-12-21 15:37:51,565 - [INFO] - from play in play-internal-execution-context-48 
Application started (Dev)

2014-12-21 15:37:59,850 - [INFO] - from application in play-akka.actor.default-dispatcher-507 
Auth Cookie: JSESSIONID=E1E42738EF04C96F17D5D8AF831125EA; Path=/WebUntis/; HttpOnly

2014-12-21 15:38:00,991 - [INFO] - from application in play-akka.actor.default-dispatcher-504 
Auth Cookie: JSESSIONID=832E7DFC6BB3740E320CEEBDED66F866; Path=/WebUntis/; HttpOnly

2014-12-21 15:38:05,991 - [INFO] - from application in play-akka.actor.default-dispatcher-507 
Auth Cookie: JSESSIONID=A6BE94754F867354FCF550E5086E6050; Path=/WebUntis/; HttpOnly

2014-12-21 15:38:54,538 - [INFO] - from application in play-akka.actor.default-dispatcher-509 
Auth Cookie: JSESSIONID=B4C8E590D836A8ECC145280A9BFEC088; Path=/WebUntis/; HttpOnly

2014-12-21 15:40:02,381 - [INFO] - from play in play-internal-execution-context-48 
Application started (Dev)

2014-12-21 15:40:28,617 - [INFO] - from play in play-internal-execution-context-48 
Application started (Dev)

2014-12-21 15:41:38,214 - [INFO] - from play in play-internal-execution-context-48 
Application started (Dev)

2014-12-21 15:41:47,042 - [INFO] - from application in play-akka.actor.default-dispatcher-530 
Auth Cookie: JSESSIONID=CA72332187C4BDCD672915B4A1D84134; Path=/WebUntis/; HttpOnly

2014-12-21 15:42:08,250 - [INFO] - from play in play-internal-execution-context-51 
Application started (Dev)

2014-12-21 15:42:27,440 - [INFO] - from play in play-internal-execution-context-51 
Application started (Dev)

2014-12-21 15:42:48,463 - [INFO] - from application in play-akka.actor.default-dispatcher-538 
Auth Cookie: JSESSIONID=C0F396D78E5C36F78054B31745E7B110; Path=/WebUntis/; HttpOnly

2014-12-21 15:51:22,413 - [INFO] - from play in play-internal-execution-context-53 
Application started (Dev)

2014-12-21 15:51:36,881 - [INFO] - from play in play-internal-execution-context-53 
Application started (Dev)

2014-12-21 15:53:35,430 - [INFO] - from application in play-akka.actor.default-dispatcher-537 
Auth Cookie: JSESSIONID=83F52F4ED2A72C8E2C7C155C97D379C1; Path=/WebUntis/; HttpOnly

2014-12-21 16:02:34,522 - [INFO] - from play in play-internal-execution-context-54 
Application started (Dev)

2014-12-21 16:03:45,019 - [INFO] - from play in play-internal-execution-context-54 
Application started (Dev)

2014-12-21 16:04:28,253 - [INFO] - from application in play-akka.actor.default-dispatcher-554 
Auth Cookie: JSESSIONID=A0522782759B7476419438836E552BD4; Path=/WebUntis/; HttpOnly

2014-12-21 16:05:07,692 - [INFO] - from play in play-internal-execution-context-54 
Application started (Dev)

2014-12-21 16:05:40,408 - [INFO] - from play in play-internal-execution-context-54 
Application started (Dev)

2014-12-21 16:05:50,679 - [INFO] - from application in play-akka.actor.default-dispatcher-566 
Auth Cookie: JSESSIONID=8A477F3E4A598D324582FA93B3967F11; Path=/WebUntis/; HttpOnly

2014-12-21 16:06:59,665 - [INFO] - from application in play-akka.actor.default-dispatcher-565 
Auth Cookie: JSESSIONID=B9CB5C1831AD2178543C89A56A16EC03; Path=/WebUntis/; HttpOnly

2014-12-21 16:08:43,608 - [INFO] - from application in play-akka.actor.default-dispatcher-568 
Auth Cookie: JSESSIONID=D536F3A0324BA92C4CE8AB9C57013302; Path=/WebUntis/; HttpOnly

2014-12-21 16:25:57,744 - [INFO] - from play in play-internal-execution-context-54 
Application started (Dev)

2014-12-21 16:27:50,540 - [INFO] - from play in play-internal-execution-context-54 
Application started (Dev)

2014-12-21 16:28:44,216 - [INFO] - from play in play-internal-execution-context-56 
Application started (Dev)

2014-12-21 16:29:19,849 - [INFO] - from play in play-internal-execution-context-56 
Application started (Dev)

2014-12-21 16:30:36,963 - [INFO] - from play in play-internal-execution-context-56 
Application started (Dev)

2014-12-21 16:31:08,051 - [INFO] - from play in play-internal-execution-context-56 
Application started (Dev)

2014-12-21 16:31:29,216 - [INFO] - from play in play-internal-execution-context-58 
Application started (Dev)

2014-12-21 16:37:43,570 - [INFO] - from play in play-internal-execution-context-59 
Application started (Dev)

2014-12-21 16:38:03,079 - [INFO] - from play in play-internal-execution-context-59 
Application started (Dev)

2014-12-21 16:38:34,913 - [INFO] - from play in play-internal-execution-context-59 
Application started (Dev)

2014-12-21 16:39:40,601 - [INFO] - from play in play-internal-execution-context-59 
Application started (Dev)

2014-12-21 16:39:56,475 - [INFO] - from play in play-internal-execution-context-59 
Application started (Dev)

2014-12-21 16:40:04,673 - [INFO] - from play in play-internal-execution-context-59 
Application started (Dev)

2014-12-21 16:40:26,178 - [INFO] - from play in play-internal-execution-context-61 
Application started (Dev)

2014-12-21 16:40:35,777 - [INFO] - from play in play-internal-execution-context-61 
Application started (Dev)

2014-12-21 16:41:05,010 - [INFO] - from play in play-internal-execution-context-61 
Application started (Dev)

2014-12-21 16:41:26,461 - [INFO] - from play in play-internal-execution-context-61 
Application started (Dev)

2014-12-21 16:41:56,324 - [INFO] - from play in play-internal-execution-context-61 
Application started (Dev)

2014-12-21 16:43:05,090 - [INFO] - from play in play-internal-execution-context-61 
Application started (Dev)

2014-12-21 16:43:19,926 - [INFO] - from play in play-internal-execution-context-61 
Application started (Dev)

2014-12-21 16:43:43,367 - [INFO] - from play in play-internal-execution-context-61 
Application started (Dev)

2014-12-21 16:43:51,883 - [INFO] - from play in play-internal-execution-context-61 
Application started (Dev)

2014-12-21 16:44:02,718 - [INFO] - from play in play-internal-execution-context-63 
Application started (Dev)

2014-12-21 16:44:27,242 - [INFO] - from play in play-internal-execution-context-61 
Application started (Dev)

2014-12-21 16:47:34,549 - [INFO] - from play in play-internal-execution-context-62 
Application started (Dev)

2014-12-21 16:47:41,003 - [INFO] - from application in play-akka.actor.default-dispatcher-675 
Auth Cookie: JSESSIONID=B842B69A245CC244FC91B978D02BE4B9; Path=/WebUntis/; HttpOnly

2014-12-21 16:49:09,691 - [INFO] - from play in play-internal-execution-context-62 
Application started (Dev)

2014-12-21 16:49:17,505 - [INFO] - from application in play-akka.actor.default-dispatcher-678 
Auth Cookie: JSESSIONID=C8F18D15EA1DA2715C3C262D8EA92A39; Path=/WebUntis/; HttpOnly

2014-12-21 16:59:04,976 - [INFO] - from play in play-internal-execution-context-62 
Application started (Dev)

2014-12-21 16:59:10,424 - [INFO] - from application in play-akka.actor.default-dispatcher-689 
Auth Cookie: JSESSIONID=1B388B998C2AF5B276278A2C7AE0361F; Path=/WebUntis/; HttpOnly

2014-12-21 16:59:51,435 - [INFO] - from play in play-internal-execution-context-62 
Application started (Dev)

2014-12-21 16:59:56,603 - [INFO] - from application in play-akka.actor.default-dispatcher-690 
Auth Cookie: JSESSIONID=C82342774D14EE35EF7209850C7C6A81; Path=/WebUntis/; HttpOnly

2014-12-21 17:00:22,515 - [INFO] - from play in play-internal-execution-context-65 
Application started (Dev)

2014-12-21 17:00:27,380 - [INFO] - from application in play-akka.actor.default-dispatcher-697 
Auth Cookie: JSESSIONID=ADA71A3AFEF08A2AFFBF3F6FB0D7AA97; Path=/WebUntis/; HttpOnly

2014-12-21 17:03:30,742 - [INFO] - from application in play-akka.actor.default-dispatcher-706 
Auth Cookie: JSESSIONID=0B08EC682EF748AF4C5F8FB4343B405A; Path=/WebUntis/; HttpOnly

2014-12-21 17:04:32,911 - [INFO] - from play in play-internal-execution-context-66 
Application started (Dev)

2014-12-21 17:04:40,353 - [INFO] - from application in play-akka.actor.default-dispatcher-708 
Auth Cookie: JSESSIONID=203C1021BB384E5EA6C529DDF8F9D006; Path=/WebUntis/; HttpOnly

2014-12-21 17:04:41,976 - [INFO] - from application in play-akka.actor.default-dispatcher-713 
Auth Cookie: JSESSIONID=3611DB08E3EE14A24CC86DA64900578B; Path=/WebUntis/; HttpOnly

2014-12-21 17:06:38,802 - [INFO] - from play in play-internal-execution-context-66 
Application started (Dev)

2014-12-21 17:06:45,336 - [INFO] - from application in play-akka.actor.default-dispatcher-710 
Auth Cookie: JSESSIONID=B23B61DB6CFAA3962D4C880622DD5128; Path=/WebUntis/; HttpOnly

2014-12-21 17:10:32,745 - [INFO] - from play in play-internal-execution-context-66 
Application started (Dev)

2014-12-21 17:10:38,521 - [INFO] - from application in play-akka.actor.default-dispatcher-726 
Auth Cookie: JSESSIONID=C3A9F3FD4316FB869A23298CA33E85BA; Path=/WebUntis/; HttpOnly

2014-12-21 17:10:59,067 - [INFO] - from play in play-internal-execution-context-67 
Application started (Dev)

2014-12-21 17:11:05,688 - [INFO] - from application in play-akka.actor.default-dispatcher-730 
Auth Cookie: JSESSIONID=6E78CAACC307ABD5BCA21DEDC015B021; Path=/WebUntis/; HttpOnly

2014-12-21 17:11:38,787 - [INFO] - from play in play-internal-execution-context-67 
Application started (Dev)

2014-12-21 17:11:45,916 - [INFO] - from application in play-akka.actor.default-dispatcher-731 
Auth Cookie: JSESSIONID=50519DA4149C9ABE6CC23AEF6720409D; Path=/WebUntis/; HttpOnly

2014-12-21 17:13:45,177 - [INFO] - from play in play-internal-execution-context-69 
Application started (Dev)

2014-12-21 17:13:49,817 - [INFO] - from application in play-akka.actor.default-dispatcher-739 
Auth Cookie: JSESSIONID=4D2DCCF94BD56FD7A9DD212FA48B3A45; Path=/WebUntis/; HttpOnly

2014-12-21 17:14:38,019 - [INFO] - from play in play-internal-execution-context-69 
Application started (Dev)

2014-12-21 17:14:55,571 - [INFO] - from play in play-internal-execution-context-70 
Application started (Dev)

2014-12-21 17:15:00,330 - [INFO] - from application in play-akka.actor.default-dispatcher-746 
Auth Cookie: JSESSIONID=16353C047125249E19C9556213A5DB0E; Path=/WebUntis/; HttpOnly

2014-12-21 17:15:05,822 - [INFO] - from application in play-akka.actor.default-dispatcher-747 
Auth Cookie: JSESSIONID=327E9550680C842564D5678E39700187; Path=/WebUntis/; HttpOnly

2014-12-21 17:15:06,855 - [INFO] - from application in play-akka.actor.default-dispatcher-747 
Auth Cookie: JSESSIONID=37690246C0A2E8AE3BA2F8BB037825C8; Path=/WebUntis/; HttpOnly

2014-12-21 17:15:08,454 - [INFO] - from application in play-akka.actor.default-dispatcher-747 
Auth Cookie: JSESSIONID=D6AB14A0A492E97DCAA379B5DF5092E6; Path=/WebUntis/; HttpOnly

2014-12-21 17:15:09,506 - [INFO] - from application in play-akka.actor.default-dispatcher-744 
Auth Cookie: JSESSIONID=6ECBD1DE28DFF8B4A51421578B79930E; Path=/WebUntis/; HttpOnly

2014-12-21 17:15:41,330 - [INFO] - from play in play-internal-execution-context-70 
Application started (Dev)

2014-12-21 17:15:48,672 - [INFO] - from application in play-akka.actor.default-dispatcher-751 
Auth Cookie: JSESSIONID=CB2BCB350BE5B2EBA5A40F3E026D1B37; Path=/WebUntis/; HttpOnly

2014-12-21 17:16:03,688 - [INFO] - from play in play-internal-execution-context-71 
Application started (Dev)

2014-12-21 17:16:08,130 - [INFO] - from application in play-akka.actor.default-dispatcher-757 
Auth Cookie: JSESSIONID=1D8732290A39E9D25CEA0F5077DCA2BF; Path=/WebUntis/; HttpOnly

2014-12-21 17:16:56,777 - [INFO] - from play in play-internal-execution-context-71 
Application started (Dev)

2014-12-21 17:17:04,612 - [INFO] - from application in play-akka.actor.default-dispatcher-749 
Auth Cookie: JSESSIONID=2249A06EEDAB47921AAB5B3EDF1E0D0F; Path=/WebUntis/; HttpOnly

2014-12-21 17:17:52,502 - [INFO] - from play in play-internal-execution-context-71 
Application started (Dev)

2014-12-21 17:17:58,723 - [INFO] - from application in play-akka.actor.default-dispatcher-765 
Auth Cookie: JSESSIONID=4AA06A196F38FE23B069B59E6C274F8F; Path=/WebUntis/; HttpOnly

2014-12-21 17:19:02,394 - [INFO] - from play in play-internal-execution-context-71 
Application started (Dev)

2014-12-21 17:19:07,515 - [INFO] - from application in play-akka.actor.default-dispatcher-771 
Auth Cookie: JSESSIONID=D24056ECE9250EB7B5B5C3346882FF64; Path=/WebUntis/; HttpOnly

2014-12-21 17:21:27,756 - [INFO] - from application in play-akka.actor.default-dispatcher-772 
Auth Cookie: JSESSIONID=666389B6872CF3C43479B9A868C49313; Path=/WebUntis/; HttpOnly

2014-12-21 17:22:16,119 - [INFO] - from play in play-internal-execution-context-73 
Application started (Dev)

2014-12-21 17:22:21,183 - [INFO] - from application in play-akka.actor.default-dispatcher-781 
Auth Cookie: JSESSIONID=72B87D8E0EED99B901DC3A840280413D; Path=/WebUntis/; HttpOnly

2014-12-21 17:22:33,548 - [INFO] - from application in play-akka.actor.default-dispatcher-778 
Auth Cookie: JSESSIONID=47DF9724A0A56877D02AE524074264BA; Path=/WebUntis/; HttpOnly

2014-12-21 17:22:55,403 - [INFO] - from application in play-akka.actor.default-dispatcher-779 
Auth Cookie: JSESSIONID=916835A9F29151AADAA81A39A583CE72; Path=/WebUntis/; HttpOnly

2014-12-21 17:26:03,864 - [INFO] - from play in play-internal-execution-context-73 
Application started (Dev)

2014-12-21 17:26:09,651 - [INFO] - from application in play-akka.actor.default-dispatcher-784 
Auth Cookie: JSESSIONID=155F3035D4E186CB9E5D466FE7404B50; Path=/WebUntis/; HttpOnly

2014-12-21 17:26:30,278 - [INFO] - from application in play-akka.actor.default-dispatcher-785 
Auth Cookie: JSESSIONID=12C5E915C4BD33F0E0E37906A8ED736E; Path=/WebUntis/; HttpOnly

2014-12-21 17:27:48,579 - [INFO] - from play in play-internal-execution-context-73 
Application started (Dev)

2014-12-21 17:27:48,770 - [INFO] - from application in play-akka.actor.default-dispatcher-789 
Auth Cookie: JSESSIONID=E936F90ED5BB4CBA28BFBC848DFC4C1F; Path=/WebUntis/; HttpOnly

2014-12-21 17:28:02,444 - [INFO] - from application in play-akka.actor.default-dispatcher-791 
Auth Cookie: JSESSIONID=DE2AAD84ECEF17F167A9427EE3D03209; Path=/WebUntis/; HttpOnly

2014-12-21 17:28:17,292 - [INFO] - from application in play-akka.actor.default-dispatcher-791 
Auth Cookie: JSESSIONID=24C0219F9C0BC24E782AA73B1BAA3FEC; Path=/WebUntis/; HttpOnly

2014-12-21 17:31:15,241 - [INFO] - from play in play-internal-execution-context-73 
Application started (Dev)

2014-12-21 17:31:26,284 - [INFO] - from application in play-akka.actor.default-dispatcher-796 
Auth Cookie: JSESSIONID=2460E51A893B79545C728C428600E16F; Path=/WebUntis/; HttpOnly

2014-12-21 17:32:13,728 - [INFO] - from play in play-internal-execution-context-73 
Application started (Dev)

2014-12-21 17:32:18,257 - [INFO] - from application in play-akka.actor.default-dispatcher-804 
Auth Cookie: JSESSIONID=89B441DFE29B240E17DBD541CDA9EE48; Path=/WebUntis/; HttpOnly

2014-12-21 17:32:53,760 - [INFO] - from play in play-internal-execution-context-74 
Application started (Dev)

2014-12-21 17:32:58,349 - [INFO] - from application in play-akka.actor.default-dispatcher-808 
Auth Cookie: JSESSIONID=4198F01A55E473F8B7BADFEC3AA081EC; Path=/WebUntis/; HttpOnly

2014-12-21 17:33:56,876 - [INFO] - from play in play-internal-execution-context-74 
Application started (Dev)

2014-12-21 17:34:01,702 - [INFO] - from application in play-akka.actor.default-dispatcher-809 
Auth Cookie: JSESSIONID=7C7C2673B92D4A075D2B5A3F415B5A7A; Path=/WebUntis/; HttpOnly

2014-12-21 17:34:59,498 - [INFO] - from play in play-internal-execution-context-74 
Application started (Dev)

2014-12-21 17:35:04,559 - [INFO] - from application in play-akka.actor.default-dispatcher-823 
Auth Cookie: JSESSIONID=F71691D05AEF49D2D546792758A2250C; Path=/WebUntis/; HttpOnly

2014-12-21 17:35:15,849 - [INFO] - from play in play-internal-execution-context-74 
Application started (Dev)

2014-12-21 17:35:21,733 - [INFO] - from application in play-akka.actor.default-dispatcher-826 
Auth Cookie: JSESSIONID=DE46A32B9EA286C98C81596FB0FA5868; Path=/WebUntis/; HttpOnly

2014-12-21 17:35:26,552 - [INFO] - from application in play-akka.actor.default-dispatcher-822 
Auth Cookie: JSESSIONID=5FC706129A1F7C84F8B93B1D75427F3B; Path=/WebUntis/; HttpOnly

2014-12-21 17:35:28,137 - [INFO] - from application in play-akka.actor.default-dispatcher-824 
Auth Cookie: JSESSIONID=3DB8916A85920B4A392B9CD55BABB759; Path=/WebUntis/; HttpOnly

2014-12-21 17:35:56,406 - [INFO] - from application in play-akka.actor.default-dispatcher-827 
Auth Cookie: JSESSIONID=554E9ED054279478BFC1A56FF36A2B0F; Path=/WebUntis/; HttpOnly

2014-12-21 17:36:13,022 - [INFO] - from application in play-akka.actor.default-dispatcher-828 
Auth Cookie: JSESSIONID=7F51E2E495ACB953F52F045FBB69A1B5; Path=/WebUntis/; HttpOnly

2014-12-21 17:37:24,073 - [INFO] - from play in play-internal-execution-context-75 
Application started (Dev)

2014-12-21 17:37:28,598 - [INFO] - from application in play-akka.actor.default-dispatcher-834 
Auth Cookie: JSESSIONID=6CB3B9571237CD16225A77F44C629367; Path=/WebUntis/; HttpOnly

2014-12-21 17:58:42,847 - [INFO] - from application in play-akka.actor.default-dispatcher-835 
Auth Cookie: JSESSIONID=F039AB96A11922F9D92D6D54A0323FAD; Path=/WebUntis/; HttpOnly

2014-12-21 18:14:49,519 - [INFO] - from application in play-akka.actor.default-dispatcher-838 
Auth Cookie: JSESSIONID=25E341EEE53FDE7FA6CDFCB8AE7EE215; Path=/WebUntis/; HttpOnly

2014-12-21 18:20:33,235 - [INFO] - from application in play-akka.actor.default-dispatcher-839 
Auth Cookie: JSESSIONID=0AF79E140274EF865ED7E551730E3AFA; Path=/WebUntis/; HttpOnly

2014-12-21 18:20:37,787 - [INFO] - from application in play-akka.actor.default-dispatcher-839 
Auth Cookie: JSESSIONID=18AF3B7D9D8438C2D07D9750E5A17B08.tomcatNORGE2; Path=/WebUntis/; Secure; HttpOnly

2014-12-21 18:20:43,005 - [INFO] - from application in play-akka.actor.default-dispatcher-840 
Auth Cookie: JSESSIONID=F6AB89176C84CFA16E93DCC40A22911B.tomcatNORGE2; Path=/WebUntis/; Secure; HttpOnly

2014-12-21 18:20:55,159 - [INFO] - from application in play-akka.actor.default-dispatcher-840 
Auth Cookie: JSESSIONID=D7E75F1CB5F1566B033374339CF0E119; Path=/WebUntis/; HttpOnly

2014-12-21 18:20:57,548 - [INFO] - from application in play-akka.actor.default-dispatcher-840 
Auth Cookie: JSESSIONID=5D55EFA38B6FAA349BAC8C3ABFFD7E8E; Path=/WebUntis/; HttpOnly

2014-12-21 18:21:10,083 - [INFO] - from application in play-akka.actor.default-dispatcher-840 
Auth Cookie: JSESSIONID=7DF9B5609AFBE7D5AD150A1CDAB467DB; Path=/WebUntis/; HttpOnly

2014-12-21 18:21:11,593 - [INFO] - from application in play-akka.actor.default-dispatcher-840 
Auth Cookie: JSESSIONID=3579092B9911A707ECB3F99AA55F6233; Path=/WebUntis/; HttpOnly

2014-12-21 18:21:14,834 - [INFO] - from application in play-akka.actor.default-dispatcher-840 
Auth Cookie: JSESSIONID=1B198EC51958DBD7AF7DD6EC3AA197CA; Path=/WebUntis/; HttpOnly

2014-12-21 18:21:17,391 - [INFO] - from application in play-akka.actor.default-dispatcher-839 
Auth Cookie: JSESSIONID=C9F79451E9761633A577DF9EAEE6CC97; Path=/WebUntis/; HttpOnly

2014-12-21 18:21:23,244 - [INFO] - from application in play-akka.actor.default-dispatcher-839 
Auth Cookie: JSESSIONID=3D43FA7BA8AC2AD1E623E9717F826A34; Path=/WebUntis/; HttpOnly

2014-12-21 18:21:27,072 - [INFO] - from application in play-akka.actor.default-dispatcher-839 
Auth Cookie: JSESSIONID=FCB00E3AAB61C44B1CB5D5C32BF1B58D; Path=/WebUntis/; HttpOnly

2014-12-21 18:21:30,516 - [INFO] - from application in play-akka.actor.default-dispatcher-839 
Auth Cookie: JSESSIONID=3AC1E4CBB26C56F3A3020172D9CDDA91; Path=/WebUntis/; HttpOnly

2014-12-21 18:22:07,437 - [INFO] - from application in play-akka.actor.default-dispatcher-840 
Auth Cookie: JSESSIONID=9A2852A283B88A32282C820CB2B9E107; Path=/WebUntis/; HttpOnly

2014-12-21 18:22:10,551 - [INFO] - from application in play-akka.actor.default-dispatcher-840 
Auth Cookie: JSESSIONID=E831BEEA8C7B41BDCD6DF9F5E65BA50C; Path=/WebUntis/; HttpOnly

2014-12-21 18:22:21,079 - [INFO] - from application in play-akka.actor.default-dispatcher-840 
Auth Cookie: JSESSIONID=4C66C21AD209093C119A75560E5BFCF8; Path=/WebUntis/; HttpOnly

2014-12-21 18:22:24,165 - [ERROR] - from play in play-akka.actor.default-dispatcher-840 
Cannot invoke the action, eventually got an error: java.net.ConnectException: https://no.webuntis.com/WebUntis/j_spring_security_check?request.preventCache=1419182544136

2014-12-21 18:22:24,169 - [ERROR] - from application in play-akka.actor.default-dispatcher-840 


! @6ki1p97kc - Internal server error, for (POST) [/loadLists?server=no.webuntis.com&school=GYM_WERDEN&user=&password=] ->

play.api.Application$$anon$1: Execution exception[[ConnectException: https://no.webuntis.com/WebUntis/j_spring_security_check?request.preventCache=1419182544136]]
	at play.api.Application$class.handleError(Application.scala:296) ~[play_2.11-2.3.6.jar:2.3.6]
	at play.api.DefaultApplication.handleError(Application.scala:402) [play_2.11-2.3.6.jar:2.3.6]
	at play.core.server.netty.PlayDefaultUpstreamHandler$$anonfun$3$$anonfun$applyOrElse$4.apply(PlayDefaultUpstreamHandler.scala:320) [play_2.11-2.3.6.jar:2.3.6]
	at play.core.server.netty.PlayDefaultUpstreamHandler$$anonfun$3$$anonfun$applyOrElse$4.apply(PlayDefaultUpstreamHandler.scala:320) [play_2.11-2.3.6.jar:2.3.6]
	at scala.Option.map(Option.scala:145) [scala-library-2.11.4.jar:na]
	at play.core.server.netty.PlayDefaultUpstreamHandler$$anonfun$3.applyOrElse(PlayDefaultUpstreamHandler.scala:320) [play_2.11-2.3.6.jar:2.3.6]
	at play.core.server.netty.PlayDefaultUpstreamHandler$$anonfun$3.applyOrElse(PlayDefaultUpstreamHandler.scala:316) [play_2.11-2.3.6.jar:2.3.6]
	at scala.concurrent.Future$$anonfun$recoverWith$1.apply(Future.scala:344) [scala-library-2.11.4.jar:na]
	at scala.concurrent.Future$$anonfun$recoverWith$1.apply(Future.scala:343) [scala-library-2.11.4.jar:na]
	at scala.concurrent.impl.CallbackRunnable.run(Promise.scala:32) [scala-library-2.11.4.jar:na]
	at play.api.libs.iteratee.Execution$trampoline$.execute(Execution.scala:46) [play-iteratees_2.11-2.3.6.jar:2.3.6]
	at scala.concurrent.impl.CallbackRunnable.executeWithValue(Promise.scala:40) [scala-library-2.11.4.jar:na]
	at scala.concurrent.impl.Promise$DefaultPromise.tryComplete(Promise.scala:248) [scala-library-2.11.4.jar:na]
	at scala.concurrent.Promise$class.complete(Promise.scala:55) [scala-library-2.11.4.jar:na]
	at scala.concurrent.impl.Promise$DefaultPromise.complete(Promise.scala:153) [scala-library-2.11.4.jar:na]
	at scala.concurrent.Future$$anonfun$flatMap$1.apply(Future.scala:249) [scala-library-2.11.4.jar:na]
	at scala.concurrent.Future$$anonfun$flatMap$1.apply(Future.scala:249) [scala-library-2.11.4.jar:na]
	at scala.concurrent.impl.CallbackRunnable.run(Promise.scala:32) [scala-library-2.11.4.jar:na]
	at akka.dispatch.BatchingExecutor$Batch$$anonfun$run$1.processBatch$1(BatchingExecutor.scala:67) [akka-actor_2.11-2.3.4.jar:na]
	at akka.dispatch.BatchingExecutor$Batch$$anonfun$run$1.apply$mcV$sp(BatchingExecutor.scala:82) [akka-actor_2.11-2.3.4.jar:na]
	at akka.dispatch.BatchingExecutor$Batch$$anonfun$run$1.apply(BatchingExecutor.scala:59) [akka-actor_2.11-2.3.4.jar:na]
	at akka.dispatch.BatchingExecutor$Batch$$anonfun$run$1.apply(BatchingExecutor.scala:59) [akka-actor_2.11-2.3.4.jar:na]
	at scala.concurrent.BlockContext$.withBlockContext(BlockContext.scala:72) [scala-library-2.11.4.jar:na]
	at akka.dispatch.BatchingExecutor$Batch.run(BatchingExecutor.scala:58) [akka-actor_2.11-2.3.4.jar:na]
	at akka.dispatch.TaskInvocation.run(AbstractDispatcher.scala:41) [akka-actor_2.11-2.3.4.jar:na]
	at akka.dispatch.ForkJoinExecutorConfigurator$AkkaForkJoinTask.exec(AbstractDispatcher.scala:393) [akka-actor_2.11-2.3.4.jar:na]
	at scala.concurrent.forkjoin.ForkJoinTask.doExec(ForkJoinTask.java:260) [scala-library-2.11.4.jar:na]
	at scala.concurrent.forkjoin.ForkJoinPool$WorkQueue.runTask(ForkJoinPool.java:1339) [scala-library-2.11.4.jar:na]
	at scala.concurrent.forkjoin.ForkJoinPool.runWorker(ForkJoinPool.java:1979) [scala-library-2.11.4.jar:na]
	at scala.concurrent.forkjoin.ForkJoinWorkerThread.run(ForkJoinWorkerThread.java:107) [scala-library-2.11.4.jar:na]
Caused by: java.net.ConnectException: https://no.webuntis.com/WebUntis/j_spring_security_check?request.preventCache=1419182544136
	at com.ning.http.client.providers.netty.NettyConnectListener.operationComplete(NettyConnectListener.java:104) ~[async-http-client-1.8.14.jar:na]
	at org.jboss.netty.channel.DefaultChannelFuture.notifyListener(DefaultChannelFuture.java:431) ~[netty-3.9.3.Final.jar:na]
	at org.jboss.netty.channel.DefaultChannelFuture.addListener(DefaultChannelFuture.java:145) ~[netty-3.9.3.Final.jar:na]
	at com.ning.http.client.providers.netty.NettyAsyncHttpProvider.doConnect(NettyAsyncHttpProvider.java:1137) ~[async-http-client-1.8.14.jar:na]
	at com.ning.http.client.providers.netty.NettyAsyncHttpProvider.execute(NettyAsyncHttpProvider.java:938) ~[async-http-client-1.8.14.jar:na]
	at com.ning.http.client.AsyncHttpClient.executeRequest(AsyncHttpClient.java:499) ~[async-http-client-1.8.14.jar:na]
	at play.api.libs.ws.ning.NingWSClient.executeRequest(NingWS.scala:42) ~[play-ws_2.11-2.3.6.jar:2.3.6]
	at play.api.libs.ws.ning.NingWSRequest.execute(NingWS.scala:246) ~[play-ws_2.11-2.3.6.jar:2.3.6]
	at play.api.libs.ws.ning.NingWSRequestHolder.execute(NingWS.scala:405) ~[play-ws_2.11-2.3.6.jar:2.3.6]
	at play.api.libs.ws.WSRequestHolder$class.post(WS.scala:532) ~[play-ws_2.11-2.3.6.jar:2.3.6]
	at play.api.libs.ws.ning.NingWSRequestHolder.post(NingWS.scala:361) ~[play-ws_2.11-2.3.6.jar:2.3.6]
	at services.Network.authenticate(Network.scala:52) ~[classes/:na]
	at services.WebUntisService.auth2(WebUntisService.scala:12) ~[classes/:na]
	at controllers.HomeController$$anonfun$WUAuth$1.apply(HomeController.scala:54) ~[classes/:na]
	at controllers.HomeController$$anonfun$WUAuth$1.apply(HomeController.scala:53) ~[classes/:na]
	at play.api.mvc.Action$.invokeBlock(Action.scala:556) ~[play_2.11-2.3.6.jar:2.3.6]
	at play.api.mvc.Action$.invokeBlock(Action.scala:555) ~[play_2.11-2.3.6.jar:2.3.6]
	at play.api.mvc.ActionBuilder$$anon$1.apply(Action.scala:518) ~[play_2.11-2.3.6.jar:2.3.6]
	at play.api.mvc.Action$$anonfun$apply$1$$anonfun$apply$4$$anonfun$apply$5.apply(Action.scala:130) ~[play_2.11-2.3.6.jar:2.3.6]
	at play.api.mvc.Action$$anonfun$apply$1$$anonfun$apply$4$$anonfun$apply$5.apply(Action.scala:130) ~[play_2.11-2.3.6.jar:2.3.6]
	at play.utils.Threads$.withContextClassLoader(Threads.scala:21) ~[play_2.11-2.3.6.jar:2.3.6]
	at play.api.mvc.Action$$anonfun$apply$1$$anonfun$apply$4.apply(Action.scala:129) ~[play_2.11-2.3.6.jar:2.3.6]
	at play.api.mvc.Action$$anonfun$apply$1$$anonfun$apply$4.apply(Action.scala:128) ~[play_2.11-2.3.6.jar:2.3.6]
	at scala.Option.map(Option.scala:145) [scala-library-2.11.4.jar:na]
	at play.api.mvc.Action$$anonfun$apply$1.apply(Action.scala:128) ~[play_2.11-2.3.6.jar:2.3.6]
	at play.api.mvc.Action$$anonfun$apply$1.apply(Action.scala:121) ~[play_2.11-2.3.6.jar:2.3.6]
	at play.api.libs.iteratee.Iteratee$$anonfun$mapM$1.apply(Iteratee.scala:483) ~[play-iteratees_2.11-2.3.6.jar:2.3.6]
	at play.api.libs.iteratee.Iteratee$$anonfun$mapM$1.apply(Iteratee.scala:483) ~[play-iteratees_2.11-2.3.6.jar:2.3.6]
	at play.api.libs.iteratee.Iteratee$$anonfun$flatMapM$1.apply(Iteratee.scala:519) ~[play-iteratees_2.11-2.3.6.jar:2.3.6]
	at play.api.libs.iteratee.Iteratee$$anonfun$flatMapM$1.apply(Iteratee.scala:519) ~[play-iteratees_2.11-2.3.6.jar:2.3.6]
	at play.api.libs.iteratee.Iteratee$$anonfun$flatMap$1$$anonfun$apply$14.apply(Iteratee.scala:496) ~[play-iteratees_2.11-2.3.6.jar:2.3.6]
	at play.api.libs.iteratee.Iteratee$$anonfun$flatMap$1$$anonfun$apply$14.apply(Iteratee.scala:496) ~[play-iteratees_2.11-2.3.6.jar:2.3.6]
	at scala.concurrent.impl.Future$PromiseCompletingRunnable.liftedTree1$1(Future.scala:24) ~[scala-library-2.11.4.jar:na]
	at scala.concurrent.impl.Future$PromiseCompletingRunnable.run(Future.scala:24) ~[scala-library-2.11.4.jar:na]
	... 6 common frames omitted
Caused by: java.nio.channels.UnresolvedAddressException: null
	at sun.nio.ch.Net.checkAddress(Net.java:127) ~[na:1.7.0_72]
	at sun.nio.ch.SocketChannelImpl.connect(SocketChannelImpl.java:644) ~[na:1.7.0_72]
	at org.jboss.netty.channel.socket.nio.NioClientSocketPipelineSink.connect(NioClientSocketPipelineSink.java:108) ~[netty-3.9.3.Final.jar:na]
	at org.jboss.netty.channel.socket.nio.NioClientSocketPipelineSink.eventSunk(NioClientSocketPipelineSink.java:70) ~[netty-3.9.3.Final.jar:na]
	at org.jboss.netty.channel.DefaultChannelPipeline$DefaultChannelHandlerContext.sendDownstream(DefaultChannelPipeline.java:779) ~[netty-3.9.3.Final.jar:na]
	at org.jboss.netty.handler.ssl.SslHandler.handleDownstream(SslHandler.java:586) ~[netty-3.9.3.Final.jar:na]
	at org.jboss.netty.channel.DefaultChannelPipeline.sendDownstream(DefaultChannelPipeline.java:591) ~[netty-3.9.3.Final.jar:na]
	at org.jboss.netty.channel.DefaultChannelPipeline$DefaultChannelHandlerContext.sendDownstream(DefaultChannelPipeline.java:784) ~[netty-3.9.3.Final.jar:na]
	at org.jboss.netty.handler.codec.oneone.OneToOneEncoder.handleDownstream(OneToOneEncoder.java:54) ~[netty-3.9.3.Final.jar:na]
	at org.jboss.netty.handler.codec.http.HttpClientCodec.handleDownstream(HttpClientCodec.java:97) ~[netty-3.9.3.Final.jar:na]
	at org.jboss.netty.channel.DefaultChannelPipeline.sendDownstream(DefaultChannelPipeline.java:591) ~[netty-3.9.3.Final.jar:na]
	at org.jboss.netty.channel.DefaultChannelPipeline$DefaultChannelHandlerContext.sendDownstream(DefaultChannelPipeline.java:784) ~[netty-3.9.3.Final.jar:na]
	at org.jboss.netty.handler.stream.ChunkedWriteHandler.handleDownstream(ChunkedWriteHandler.java:109) ~[netty-3.9.3.Final.jar:na]
	at org.jboss.netty.channel.DefaultChannelPipeline.sendDownstream(DefaultChannelPipeline.java:591) ~[netty-3.9.3.Final.jar:na]
	at org.jboss.netty.channel.DefaultChannelPipeline.sendDownstream(DefaultChannelPipeline.java:582) ~[netty-3.9.3.Final.jar:na]
	at org.jboss.netty.channel.Channels.connect(Channels.java:634) ~[netty-3.9.3.Final.jar:na]
	at org.jboss.netty.channel.AbstractChannel.connect(AbstractChannel.java:207) ~[netty-3.9.3.Final.jar:na]
	at org.jboss.netty.bootstrap.ClientBootstrap.connect(ClientBootstrap.java:229) ~[netty-3.9.3.Final.jar:na]
	at org.jboss.netty.bootstrap.ClientBootstrap.connect(ClientBootstrap.java:182) ~[netty-3.9.3.Final.jar:na]
	at com.ning.http.client.providers.netty.NettyAsyncHttpProvider.doConnect(NettyAsyncHttpProvider.java:1098) ~[async-http-client-1.8.14.jar:na]
	... 36 common frames omitted

2014-12-21 18:22:27,798 - [ERROR] - from play in play-akka.actor.default-dispatcher-840 
Cannot invoke the action, eventually got an error: java.net.ConnectException: https://no.webuntis.com/WebUntis/j_spring_security_check?request.preventCache=1419182547796

2014-12-21 18:22:27,802 - [ERROR] - from application in play-akka.actor.default-dispatcher-840 


! @6ki1p9d45 - Internal server error, for (POST) [/loadLists?server=no.webuntis.com&school=GYM_WERDEN&user=&password=] ->

play.api.Application$$anon$1: Execution exception[[ConnectException: https://no.webuntis.com/WebUntis/j_spring_security_check?request.preventCache=1419182547796]]
	at play.api.Application$class.handleError(Application.scala:296) ~[play_2.11-2.3.6.jar:2.3.6]
	at play.api.DefaultApplication.handleError(Application.scala:402) [play_2.11-2.3.6.jar:2.3.6]
	at play.core.server.netty.PlayDefaultUpstreamHandler$$anonfun$3$$anonfun$applyOrElse$4.apply(PlayDefaultUpstreamHandler.scala:320) [play_2.11-2.3.6.jar:2.3.6]
	at play.core.server.netty.PlayDefaultUpstreamHandler$$anonfun$3$$anonfun$applyOrElse$4.apply(PlayDefaultUpstreamHandler.scala:320) [play_2.11-2.3.6.jar:2.3.6]
	at scala.Option.map(Option.scala:145) [scala-library-2.11.4.jar:na]
	at play.core.server.netty.PlayDefaultUpstreamHandler$$anonfun$3.applyOrElse(PlayDefaultUpstreamHandler.scala:320) [play_2.11-2.3.6.jar:2.3.6]
	at play.core.server.netty.PlayDefaultUpstreamHandler$$anonfun$3.applyOrElse(PlayDefaultUpstreamHandler.scala:316) [play_2.11-2.3.6.jar:2.3.6]
	at scala.concurrent.Future$$anonfun$recoverWith$1.apply(Future.scala:344) [scala-library-2.11.4.jar:na]
	at scala.concurrent.Future$$anonfun$recoverWith$1.apply(Future.scala:343) [scala-library-2.11.4.jar:na]
	at scala.concurrent.impl.CallbackRunnable.run(Promise.scala:32) [scala-library-2.11.4.jar:na]
	at play.api.libs.iteratee.Execution$trampoline$.execute(Execution.scala:46) [play-iteratees_2.11-2.3.6.jar:2.3.6]
	at scala.concurrent.impl.CallbackRunnable.executeWithValue(Promise.scala:40) [scala-library-2.11.4.jar:na]
	at scala.concurrent.impl.Promise$DefaultPromise.tryComplete(Promise.scala:248) [scala-library-2.11.4.jar:na]
	at scala.concurrent.Promise$class.complete(Promise.scala:55) [scala-library-2.11.4.jar:na]
	at scala.concurrent.impl.Promise$DefaultPromise.complete(Promise.scala:153) [scala-library-2.11.4.jar:na]
	at scala.concurrent.Future$$anonfun$flatMap$1.apply(Future.scala:249) [scala-library-2.11.4.jar:na]
	at scala.concurrent.Future$$anonfun$flatMap$1.apply(Future.scala:249) [scala-library-2.11.4.jar:na]
	at scala.concurrent.impl.CallbackRunnable.run(Promise.scala:32) [scala-library-2.11.4.jar:na]
	at akka.dispatch.BatchingExecutor$Batch$$anonfun$run$1.processBatch$1(BatchingExecutor.scala:67) [akka-actor_2.11-2.3.4.jar:na]
	at akka.dispatch.BatchingExecutor$Batch$$anonfun$run$1.apply$mcV$sp(BatchingExecutor.scala:82) [akka-actor_2.11-2.3.4.jar:na]
	at akka.dispatch.BatchingExecutor$Batch$$anonfun$run$1.apply(BatchingExecutor.scala:59) [akka-actor_2.11-2.3.4.jar:na]
	at akka.dispatch.BatchingExecutor$Batch$$anonfun$run$1.apply(BatchingExecutor.scala:59) [akka-actor_2.11-2.3.4.jar:na]
	at scala.concurrent.BlockContext$.withBlockContext(BlockContext.scala:72) [scala-library-2.11.4.jar:na]
	at akka.dispatch.BatchingExecutor$Batch.run(BatchingExecutor.scala:58) [akka-actor_2.11-2.3.4.jar:na]
	at akka.dispatch.TaskInvocation.run(AbstractDispatcher.scala:41) [akka-actor_2.11-2.3.4.jar:na]
	at akka.dispatch.ForkJoinExecutorConfigurator$AkkaForkJoinTask.exec(AbstractDispatcher.scala:393) [akka-actor_2.11-2.3.4.jar:na]
	at scala.concurrent.forkjoin.ForkJoinTask.doExec(ForkJoinTask.java:260) [scala-library-2.11.4.jar:na]
	at scala.concurrent.forkjoin.ForkJoinPool$WorkQueue.runTask(ForkJoinPool.java:1339) [scala-library-2.11.4.jar:na]
	at scala.concurrent.forkjoin.ForkJoinPool.runWorker(ForkJoinPool.java:1979) [scala-library-2.11.4.jar:na]
	at scala.concurrent.forkjoin.ForkJoinWorkerThread.run(ForkJoinWorkerThread.java:107) [scala-library-2.11.4.jar:na]
Caused by: java.net.ConnectException: https://no.webuntis.com/WebUntis/j_spring_security_check?request.preventCache=1419182547796
	at com.ning.http.client.providers.netty.NettyConnectListener.operationComplete(NettyConnectListener.java:104) ~[async-http-client-1.8.14.jar:na]
	at org.jboss.netty.channel.DefaultChannelFuture.notifyListener(DefaultChannelFuture.java:431) ~[netty-3.9.3.Final.jar:na]
	at org.jboss.netty.channel.DefaultChannelFuture.addListener(DefaultChannelFuture.java:145) ~[netty-3.9.3.Final.jar:na]
	at com.ning.http.client.providers.netty.NettyAsyncHttpProvider.doConnect(NettyAsyncHttpProvider.java:1137) ~[async-http-client-1.8.14.jar:na]
	at com.ning.http.client.providers.netty.NettyAsyncHttpProvider.execute(NettyAsyncHttpProvider.java:938) ~[async-http-client-1.8.14.jar:na]
	at com.ning.http.client.AsyncHttpClient.executeRequest(AsyncHttpClient.java:499) ~[async-http-client-1.8.14.jar:na]
	at play.api.libs.ws.ning.NingWSClient.executeRequest(NingWS.scala:42) ~[play-ws_2.11-2.3.6.jar:2.3.6]
	at play.api.libs.ws.ning.NingWSRequest.execute(NingWS.scala:246) ~[play-ws_2.11-2.3.6.jar:2.3.6]
	at play.api.libs.ws.ning.NingWSRequestHolder.execute(NingWS.scala:405) ~[play-ws_2.11-2.3.6.jar:2.3.6]
	at play.api.libs.ws.WSRequestHolder$class.post(WS.scala:532) ~[play-ws_2.11-2.3.6.jar:2.3.6]
	at play.api.libs.ws.ning.NingWSRequestHolder.post(NingWS.scala:361) ~[play-ws_2.11-2.3.6.jar:2.3.6]
	at services.Network.authenticate(Network.scala:52) ~[classes/:na]
	at services.WebUntisService.auth2(WebUntisService.scala:12) ~[classes/:na]
	at controllers.HomeController$$anonfun$WUAuth$1.apply(HomeController.scala:54) ~[classes/:na]
	at controllers.HomeController$$anonfun$WUAuth$1.apply(HomeController.scala:53) ~[classes/:na]
	at play.api.mvc.Action$.invokeBlock(Action.scala:556) ~[play_2.11-2.3.6.jar:2.3.6]
	at play.api.mvc.Action$.invokeBlock(Action.scala:555) ~[play_2.11-2.3.6.jar:2.3.6]
	at play.api.mvc.ActionBuilder$$anon$1.apply(Action.scala:518) ~[play_2.11-2.3.6.jar:2.3.6]
	at play.api.mvc.Action$$anonfun$apply$1$$anonfun$apply$4$$anonfun$apply$5.apply(Action.scala:130) ~[play_2.11-2.3.6.jar:2.3.6]
	at play.api.mvc.Action$$anonfun$apply$1$$anonfun$apply$4$$anonfun$apply$5.apply(Action.scala:130) ~[play_2.11-2.3.6.jar:2.3.6]
	at play.utils.Threads$.withContextClassLoader(Threads.scala:21) ~[play_2.11-2.3.6.jar:2.3.6]
	at play.api.mvc.Action$$anonfun$apply$1$$anonfun$apply$4.apply(Action.scala:129) ~[play_2.11-2.3.6.jar:2.3.6]
	at play.api.mvc.Action$$anonfun$apply$1$$anonfun$apply$4.apply(Action.scala:128) ~[play_2.11-2.3.6.jar:2.3.6]
	at scala.Option.map(Option.scala:145) [scala-library-2.11.4.jar:na]
	at play.api.mvc.Action$$anonfun$apply$1.apply(Action.scala:128) ~[play_2.11-2.3.6.jar:2.3.6]
	at play.api.mvc.Action$$anonfun$apply$1.apply(Action.scala:121) ~[play_2.11-2.3.6.jar:2.3.6]
	at play.api.libs.iteratee.Iteratee$$anonfun$mapM$1.apply(Iteratee.scala:483) ~[play-iteratees_2.11-2.3.6.jar:2.3.6]
	at play.api.libs.iteratee.Iteratee$$anonfun$mapM$1.apply(Iteratee.scala:483) ~[play-iteratees_2.11-2.3.6.jar:2.3.6]
	at play.api.libs.iteratee.Iteratee$$anonfun$flatMapM$1.apply(Iteratee.scala:519) ~[play-iteratees_2.11-2.3.6.jar:2.3.6]
	at play.api.libs.iteratee.Iteratee$$anonfun$flatMapM$1.apply(Iteratee.scala:519) ~[play-iteratees_2.11-2.3.6.jar:2.3.6]
	at play.api.libs.iteratee.Iteratee$$anonfun$flatMap$1$$anonfun$apply$14.apply(Iteratee.scala:496) ~[play-iteratees_2.11-2.3.6.jar:2.3.6]
	at play.api.libs.iteratee.Iteratee$$anonfun$flatMap$1$$anonfun$apply$14.apply(Iteratee.scala:496) ~[play-iteratees_2.11-2.3.6.jar:2.3.6]
	at scala.concurrent.impl.Future$PromiseCompletingRunnable.liftedTree1$1(Future.scala:24) ~[scala-library-2.11.4.jar:na]
	at scala.concurrent.impl.Future$PromiseCompletingRunnable.run(Future.scala:24) ~[scala-library-2.11.4.jar:na]
	... 6 common frames omitted
Caused by: java.nio.channels.UnresolvedAddressException: null
	at sun.nio.ch.Net.checkAddress(Net.java:127) ~[na:1.7.0_72]
	at sun.nio.ch.SocketChannelImpl.connect(SocketChannelImpl.java:644) ~[na:1.7.0_72]
	at org.jboss.netty.channel.socket.nio.NioClientSocketPipelineSink.connect(NioClientSocketPipelineSink.java:108) ~[netty-3.9.3.Final.jar:na]
	at org.jboss.netty.channel.socket.nio.NioClientSocketPipelineSink.eventSunk(NioClientSocketPipelineSink.java:70) ~[netty-3.9.3.Final.jar:na]
	at org.jboss.netty.channel.DefaultChannelPipeline$DefaultChannelHandlerContext.sendDownstream(DefaultChannelPipeline.java:779) ~[netty-3.9.3.Final.jar:na]
	at org.jboss.netty.handler.ssl.SslHandler.handleDownstream(SslHandler.java:586) ~[netty-3.9.3.Final.jar:na]
	at org.jboss.netty.channel.DefaultChannelPipeline.sendDownstream(DefaultChannelPipeline.java:591) ~[netty-3.9.3.Final.jar:na]
	at org.jboss.netty.channel.DefaultChannelPipeline$DefaultChannelHandlerContext.sendDownstream(DefaultChannelPipeline.java:784) ~[netty-3.9.3.Final.jar:na]
	at org.jboss.netty.handler.codec.oneone.OneToOneEncoder.handleDownstream(OneToOneEncoder.java:54) ~[netty-3.9.3.Final.jar:na]
	at org.jboss.netty.handler.codec.http.HttpClientCodec.handleDownstream(HttpClientCodec.java:97) ~[netty-3.9.3.Final.jar:na]
	at org.jboss.netty.channel.DefaultChannelPipeline.sendDownstream(DefaultChannelPipeline.java:591) ~[netty-3.9.3.Final.jar:na]
	at org.jboss.netty.channel.DefaultChannelPipeline$DefaultChannelHandlerContext.sendDownstream(DefaultChannelPipeline.java:784) ~[netty-3.9.3.Final.jar:na]
	at org.jboss.netty.handler.stream.ChunkedWriteHandler.handleDownstream(ChunkedWriteHandler.java:109) ~[netty-3.9.3.Final.jar:na]
	at org.jboss.netty.channel.DefaultChannelPipeline.sendDownstream(DefaultChannelPipeline.java:591) ~[netty-3.9.3.Final.jar:na]
	at org.jboss.netty.channel.DefaultChannelPipeline.sendDownstream(DefaultChannelPipeline.java:582) ~[netty-3.9.3.Final.jar:na]
	at org.jboss.netty.channel.Channels.connect(Channels.java:634) ~[netty-3.9.3.Final.jar:na]
	at org.jboss.netty.channel.AbstractChannel.connect(AbstractChannel.java:207) ~[netty-3.9.3.Final.jar:na]
	at org.jboss.netty.bootstrap.ClientBootstrap.connect(ClientBootstrap.java:229) ~[netty-3.9.3.Final.jar:na]
	at org.jboss.netty.bootstrap.ClientBootstrap.connect(ClientBootstrap.java:182) ~[netty-3.9.3.Final.jar:na]
	at com.ning.http.client.providers.netty.NettyAsyncHttpProvider.doConnect(NettyAsyncHttpProvider.java:1098) ~[async-http-client-1.8.14.jar:na]
	... 36 common frames omitted

2014-12-21 18:22:59,007 - [INFO] - from application in play-akka.actor.default-dispatcher-841 
Auth Cookie: JSESSIONID=F3565E903CF9B037BF20C50F8A42B656; Path=/WebUntis/; HttpOnly

2014-12-21 18:23:31,234 - [INFO] - from play in play-internal-execution-context-75 
Application started (Dev)

2014-12-21 18:23:35,068 - [INFO] - from application in play-akka.actor.default-dispatcher-847 
Auth Cookie: JSESSIONID=CD283CAA3894F7A7EC8D1B41D1C3B153; Path=/WebUntis/; HttpOnly

2014-12-21 18:24:53,718 - [INFO] - from play in play-internal-execution-context-75 
Application started (Dev)

2014-12-21 18:24:57,898 - [INFO] - from application in play-akka.actor.default-dispatcher-854 
Auth Cookie: JSESSIONID=E89C24F5976EE7C6C9C550F48D859EF4; Path=/WebUntis/; HttpOnly

2014-12-21 18:25:09,927 - [INFO] - from application in play-akka.actor.default-dispatcher-851 
Auth Cookie: JSESSIONID=9B71988939777ACF1EF8D21BE1BA131C; Path=/WebUntis/; HttpOnly

2014-12-21 18:25:14,202 - [INFO] - from application in play-akka.actor.default-dispatcher-851 
Auth Cookie: JSESSIONID=67C82EAEC9EB3637E58C91238EFB5C80; Path=/WebUntis/; HttpOnly

2014-12-21 18:25:15,682 - [INFO] - from application in play-akka.actor.default-dispatcher-851 
Auth Cookie: JSESSIONID=E0633F7717BAF78DCEAB04974CBEF200; Path=/WebUntis/; HttpOnly

2014-12-21 18:26:50,160 - [INFO] - from play in play-internal-execution-context-77 
Application started (Dev)

2014-12-21 18:26:54,472 - [INFO] - from application in play-akka.actor.default-dispatcher-860 
Auth Cookie: JSESSIONID=C216794AB2ECECC8FEDE01282D6CAC70; Path=/WebUntis/; HttpOnly

2014-12-21 18:27:18,603 - [INFO] - from play in play-internal-execution-context-77 
Application started (Dev)

2014-12-21 18:27:18,777 - [INFO] - from application in play-akka.actor.default-dispatcher-852 
Auth Cookie: JSESSIONID=8C98B98D7C3F51B2FCC60C2464EA79AC; Path=/WebUntis/; HttpOnly

2014-12-21 18:27:36,152 - [INFO] - from play in play-internal-execution-context-77 
Application started (Dev)

2014-12-21 18:27:41,643 - [INFO] - from application in play-akka.actor.default-dispatcher-868 
Auth Cookie: JSESSIONID=D0A8DC9CAEEEB3BDD2A76F45A5A49FF3; Path=/WebUntis/; HttpOnly

2014-12-21 18:27:45,110 - [INFO] - from application in play-akka.actor.default-dispatcher-868 
Auth Cookie: JSESSIONID=286C4DAA40321CFF049A20B5415D6721; Path=/WebUntis/; HttpOnly

2014-12-21 18:33:25,485 - [INFO] - from play in play-internal-execution-context-77 
Application started (Dev)

2014-12-21 18:33:30,903 - [INFO] - from application in play-akka.actor.default-dispatcher-871 
Auth Cookie: JSESSIONID=69867548502E3D8CAED5F9C8EA22FBBA; Path=/WebUntis/; HttpOnly

2014-12-21 18:33:37,155 - [INFO] - from application in play-akka.actor.default-dispatcher-869 
Auth Cookie: JSESSIONID=61B5772920B16FD38E2FC94C142FF300; Path=/WebUntis/; HttpOnly

2014-12-21 18:34:01,820 - [INFO] - from play in play-internal-execution-context-77 
Application started (Dev)

2014-12-21 18:34:11,381 - [INFO] - from application in play-akka.actor.default-dispatcher-875 
Auth Cookie: JSESSIONID=A9591B1C93B8E8D84E0C1C0AA772B6CD.tomcatNORGE2; Path=/WebUntis/; Secure; HttpOnly

2014-12-21 18:34:17,495 - [INFO] - from application in play-akka.actor.default-dispatcher-877 
Auth Cookie: JSESSIONID=7B898C1CFDF9BA0BC3B44870E96A99F8; Path=/WebUntis/; HttpOnly

2014-12-21 18:34:31,639 - [INFO] - from application in play-akka.actor.default-dispatcher-880 
Auth Cookie: JSESSIONID=054FCEFFB33F11C5A41191B30BFF9B52; Path=/WebUntis/; HttpOnly

2014-12-21 18:34:34,799 - [INFO] - from application in play-akka.actor.default-dispatcher-880 
Auth Cookie: JSESSIONID=3FA6432A788F99037791453F0510C009.tomcatNORGE2; Path=/WebUntis/; Secure; HttpOnly

2014-12-21 18:34:37,474 - [INFO] - from application in play-akka.actor.default-dispatcher-879 
Auth Cookie: JSESSIONID=E89729746E2ECF0D4E00C13D671D1393; Path=/WebUntis/; HttpOnly

2014-12-21 18:34:54,136 - [INFO] - from application in play-akka.actor.default-dispatcher-880 
Auth Cookie: JSESSIONID=47309E6CB8DBE3BA265E541C9F56A5CF; Path=/WebUntis/; HttpOnly

2014-12-21 18:34:57,423 - [INFO] - from application in play-akka.actor.default-dispatcher-880 
Auth Cookie: JSESSIONID=145BE1B542B00E5E91862A7F11E748B2; Path=/WebUntis/; HttpOnly

2014-12-21 18:36:04,689 - [INFO] - from application in play-akka.actor.default-dispatcher-881 
Auth Cookie: JSESSIONID=587BEF1DB2EA4B5180354481784FA043; Path=/WebUntis/; HttpOnly

2014-12-21 18:36:11,006 - [INFO] - from application in play-akka.actor.default-dispatcher-876 
Auth Cookie: JSESSIONID=2FF02394D26B680F04723034DB99FC41; Path=/WebUntis/; HttpOnly

2014-12-21 18:36:12,952 - [INFO] - from application in play-akka.actor.default-dispatcher-876 
Auth Cookie: JSESSIONID=660C3A2820F7682B2010D250E479351F; Path=/WebUntis/; HttpOnly

2014-12-21 18:36:42,221 - [INFO] - from application in play-akka.actor.default-dispatcher-882 
Auth Cookie: JSESSIONID=9A07E41D2CE52EEB4B28A5EBA91FC51B; Path=/WebUntis/; HttpOnly

2014-12-21 18:36:46,574 - [INFO] - from application in play-akka.actor.default-dispatcher-881 
Auth Cookie: JSESSIONID=1AD4CF1046B0660E62814E5E8C23CFCA; Path=/WebUntis/; HttpOnly

2014-12-21 18:36:50,756 - [INFO] - from application in play-akka.actor.default-dispatcher-881 
Auth Cookie: JSESSIONID=03F368BEC709B55A9C7BAF6011F346DA; Path=/WebUntis/; HttpOnly

2014-12-21 18:37:52,984 - [INFO] - from application in play-akka.actor.default-dispatcher-882 
Auth Cookie: JSESSIONID=7C4D584B02DED8B6C0779784E32D3CA2; Path=/WebUntis/; HttpOnly

2014-12-21 18:45:16,801 - [INFO] - from application in play-akka.actor.default-dispatcher-884 
Auth Cookie: JSESSIONID=982BD171EE03565309AC18D2897AC5C3; Path=/WebUntis/; HttpOnly

2014-12-21 18:45:19,417 - [INFO] - from application in play-akka.actor.default-dispatcher-883 
Auth Cookie: JSESSIONID=89069A164BFCC7DC8A8F183ABF09EA42; Path=/WebUntis/; HttpOnly

2014-12-21 18:45:23,776 - [INFO] - from application in play-akka.actor.default-dispatcher-883 
Auth Cookie: JSESSIONID=24EDB5E36D8AE792CB85C8B69C811FCB; Path=/WebUntis/; HttpOnly

2014-12-21 22:26:26,836 - [INFO] - from application in play-akka.actor.default-dispatcher-884 
Auth Cookie: JSESSIONID=E1C2460E7844D994FE33BF75FC1F54C3; Path=/WebUntis/; HttpOnly

2014-12-21 22:26:37,497 - [INFO] - from application in play-akka.actor.default-dispatcher-889 
Auth Cookie: JSESSIONID=74BA5018A059230342A232BBB1CF4AE4.tomcatNORGE2; Path=/WebUntis/; Secure; HttpOnly

2014-12-21 22:26:51,883 - [INFO] - from application in play-akka.actor.default-dispatcher-887 
Auth Cookie: JSESSIONID=AB71EA4A74B652E5C14E29F92DEE994B; Path=/WebUntis/; HttpOnly

2014-12-21 22:26:54,382 - [INFO] - from application in play-akka.actor.default-dispatcher-887 
Auth Cookie: JSESSIONID=0E2D5E3CB6D0669C08007B2A4E28EDDB; Path=/WebUntis/; HttpOnly

2014-12-21 22:27:03,309 - [INFO] - from application in play-akka.actor.default-dispatcher-887 
Auth Cookie: JSESSIONID=994B8E3DCECFB5BD1FB2565AD47FE8B6; Path=/WebUntis/; HttpOnly

2014-12-21 22:27:21,191 - [INFO] - from application in play-akka.actor.default-dispatcher-891 
Auth Cookie: JSESSIONID=221322792892F362EDBF84B5C7FB8AD6; Path=/WebUntis/; HttpOnly

2014-12-21 22:27:25,838 - [INFO] - from application in play-akka.actor.default-dispatcher-886 
Auth Cookie: JSESSIONID=9D36028DDEF785F1D499927A3854B485; Path=/WebUntis/; HttpOnly

2014-12-21 22:27:33,551 - [INFO] - from application in play-akka.actor.default-dispatcher-886 
Auth Cookie: JSESSIONID=57B5BDA296D6A242ADEE1E60D31143DB; Path=/WebUntis/; HttpOnly

2014-12-21 22:27:38,849 - [INFO] - from application in play-akka.actor.default-dispatcher-886 
Auth Cookie: JSESSIONID=34CA96136C77C150C7A34E976F729515; Path=/WebUntis/; HttpOnly

2014-12-21 22:27:41,581 - [INFO] - from application in play-akka.actor.default-dispatcher-891 
Auth Cookie: JSESSIONID=2778D1596EBE7F98C7B0E0DD2C9D88D7; Path=/WebUntis/; HttpOnly

2014-12-21 22:27:46,576 - [INFO] - from application in play-akka.actor.default-dispatcher-891 
Auth Cookie: JSESSIONID=6E82743B157360E0166AA3BD0CD72A64; Path=/WebUntis/; HttpOnly

2014-12-21 22:27:49,118 - [INFO] - from application in play-akka.actor.default-dispatcher-891 
Auth Cookie: JSESSIONID=8E4246B764A6B9417FC8AB051A102444; Path=/WebUntis/; HttpOnly

2014-12-21 22:28:22,282 - [INFO] - from application in play-akka.actor.default-dispatcher-890 
Auth Cookie: JSESSIONID=8C8A8D6DCC9E6FFD10AEA4062EA113ED; Path=/WebUntis/; HttpOnly

2014-12-21 22:28:25,187 - [INFO] - from application in play-akka.actor.default-dispatcher-892 
Auth Cookie: JSESSIONID=C1B15FCC779419D5B583503C1EAFF0C2; Path=/WebUntis/; HttpOnly

2014-12-21 22:28:34,652 - [INFO] - from application in play-akka.actor.default-dispatcher-890 
Auth Cookie: JSESSIONID=ACF34F9DDA22DD75F95FB51C746D3D5F; Path=/WebUntis/; HttpOnly

2014-12-21 22:28:44,056 - [INFO] - from application in play-akka.actor.default-dispatcher-890 
Auth Cookie: JSESSIONID=01C9D97FE9725941523B260791398AEE; Path=/WebUntis/; HttpOnly

2014-12-21 22:28:47,126 - [INFO] - from application in play-akka.actor.default-dispatcher-890 
Auth Cookie: JSESSIONID=163E688517CC4A5CB5265D38702A660E; Path=/WebUntis/; HttpOnly

2014-12-21 22:28:51,971 - [INFO] - from application in play-akka.actor.default-dispatcher-890 
Auth Cookie: JSESSIONID=A4E107E903A633580C66AE3EDC783887; Path=/WebUntis/; HttpOnly

2014-12-21 22:29:53,980 - [INFO] - from application in play-akka.actor.default-dispatcher-894 
Auth Cookie: JSESSIONID=AB3B4ECAE8DAE11E2026DD3F008B78F1; Path=/WebUntis/; HttpOnly

2014-12-21 22:29:56,786 - [INFO] - from application in play-akka.actor.default-dispatcher-894 
Auth Cookie: JSESSIONID=6EB4E59DBFC739A6A2339C630C0C8DA5; Path=/WebUntis/; HttpOnly

2014-12-21 22:29:59,039 - [INFO] - from application in play-akka.actor.default-dispatcher-894 
Auth Cookie: JSESSIONID=9152C894773EB1D2A7D472807C848DD3; Path=/WebUntis/; HttpOnly

